::1 - - [02/Feb/2025:20:47:01 +0100] "GET / HTTP/1.1" 200 1598
::1 - - [02/Feb/2025:20:47:01 +0100] "GET /?getimg=title HTTP/1.1" 200 6119
::1 - - [02/Feb/2025:20:47:01 +0100] "GET /?getimg=folder HTTP/1.1" 200 537
::1 - - [02/Feb/2025:20:47:01 +0100] "GET /?getimg=favicon HTTP/1.1" 200 5430
::1 - - [02/Feb/2025:20:47:06 +0100] "GET /my-app HTTP/1.1" 301 331
::1 - - [02/Feb/2025:20:47:06 +0100] "GET /my-app/ HTTP/1.1" 200 769
::1 - - [02/Feb/2025:20:47:06 +0100] "GET /favicon.ico HTTP/1.1" 404 308
::1 - - [02/Feb/2025:20:47:19 +0100] "GET / HTTP/1.1" 200 575
::1 - - [02/Feb/2025:20:51:30 +0100] "GET /mysql/ HTTP/1.1" 200 3085
::1 - - [02/Feb/2025:20:51:31 +0100] "GET /mysql/themes/pmahomme/jquery/jquery-ui-1.11.2.css HTTP/1.1" 200 35212
::1 - - [02/Feb/2025:20:51:31 +0100] "GET /mysql/js/codemirror/lib/codemirror.css?v=4.5.4.1 HTTP/1.1" 200 7771
::1 - - [02/Feb/2025:20:51:31 +0100] "GET /mysql/themes/pmahomme/css/printview.css?v=4.5.4.1 HTTP/1.1" 200 3082
::1 - - [02/Feb/2025:20:51:31 +0100] "GET /mysql/js/codemirror/addon/hint/show-hint.css?v=4.5.4.1 HTTP/1.1" 200 662
::1 - - [02/Feb/2025:20:51:31 +0100] "GET /mysql/js/codemirror/addon/lint/lint.css?v=4.5.4.1 HTTP/1.1" 200 3068
::1 - - [02/Feb/2025:20:51:31 +0100] "GET /mysql/phpmyadmin.css.php?nocache=4363588756ltr HTTP/1.1" 200 20076
::1 - - [02/Feb/2025:20:51:32 +0100] "GET /mysql/js/whitelist.php?lang=fr&db=&collation_connection=utf8_general_ci&token=a09ba18bb959fe7f06008e397e3e5dac&v=4.5.4.1 HTTP/1.1" 200 482
::1 - - [02/Feb/2025:20:51:32 +0100] "GET /mysql/js/get_scripts.js.php?scripts%5B%5D=jquery/jquery-1.11.1.min.js&scripts%5B%5D=sprintf.js&scripts%5B%5D=ajax.js&scripts%5B%5D=keyhandler.js&scripts%5B%5D=jquery/jquery-ui-1.11.2.min.js&scripts%5B%5D=jquery/jquery.cookie.js&scripts%5B%5D=jquery/jquery.mousewheel.js&scripts%5B%5D=jquery/jquery.event.drag-2.2.js&scripts%5B%5D=jquery/jquery-ui-timepicker-addon.js&scripts%5B%5D=jquery/jquery.ba-hashchange-1.3.js&scripts%5B%5D=jquery/jquery.debounce-1.0.5.js&scripts%5B%5D=menu-resizer.js&scripts%5B%5D=cross_framing_protection.js&scripts%5B%5D=rte.js&scripts%5B%5D=tracekit/tracekit.js&scripts%5B%5D=error_report.js&scripts%5B%5D=doclinks.js&scripts%5B%5D=functions.js&scripts%5B%5D=navigation.js&scripts%5B%5D=indexes.js&v=4.5.4.1 HTTP/1.1" 200 216429
::1 - - [02/Feb/2025:20:51:32 +0100] "GET /mysql/js/get_scripts.js.php?scripts%5B%5D=common.js&scripts%5B%5D=config.js&scripts%5B%5D=page_settings.js&scripts%5B%5D=codemirror/lib/codemirror.js&scripts%5B%5D=codemirror/mode/sql/sql.js&scripts%5B%5D=codemirror/addon/runmode/runmode.js&scripts%5B%5D=codemirror/addon/hint/show-hint.js&scripts%5B%5D=codemirror/addon/hint/sql-hint.js&scripts%5B%5D=codemirror/addon/lint/lint.js&scripts%5B%5D=codemirror/addon/lint/sql-lint.js&scripts%5B%5D=console.js&v=4.5.4.1 HTTP/1.1" 200 129440
::1 - - [02/Feb/2025:20:51:32 +0100] "GET /mysql/js/messages.php?lang=fr&db=&collation_connection=utf8_general_ci&token=a09ba18bb959fe7f06008e397e3e5dac&v=4.5.4.1 HTTP/1.1" 200 9507
::1 - - [02/Feb/2025:20:51:32 +0100] "GET /mysql/js/get_image.js.php?theme=pmahomme&v=4.5.4.1 HTTP/1.1" 200 1822
::1 - - [02/Feb/2025:20:51:33 +0100] "GET /mysql/themes/pmahomme/img/sprites.png?v=4.5.4.1 HTTP/1.1" 200 46795
::1 - - [02/Feb/2025:20:51:32 +0100] "GET /mysql/js/whitelist.php?lang=fr&db=&collation_connection=utf8_general_ci&token=a09ba18bb959fe7f06008e397e3e5dac&v=4.5.4.1 HTTP/1.1" 200 482
::1 - - [02/Feb/2025:20:51:33 +0100] "GET /mysql/js/get_scripts.js.php?scripts%5B%5D=jquery/jquery-1.11.1.min.js&scripts%5B%5D=sprintf.js&scripts%5B%5D=ajax.js&scripts%5B%5D=keyhandler.js&scripts%5B%5D=jquery/jquery-ui-1.11.2.min.js&scripts%5B%5D=jquery/jquery.cookie.js&scripts%5B%5D=jquery/jquery.mousewheel.js&scripts%5B%5D=jquery/jquery.event.drag-2.2.js&scripts%5B%5D=jquery/jquery-ui-timepicker-addon.js&scripts%5B%5D=jquery/jquery.ba-hashchange-1.3.js&scripts%5B%5D=jquery/jquery.debounce-1.0.5.js&scripts%5B%5D=menu-resizer.js&scripts%5B%5D=cross_framing_protection.js&scripts%5B%5D=rte.js&scripts%5B%5D=tracekit/tracekit.js&scripts%5B%5D=error_report.js&scripts%5B%5D=doclinks.js&scripts%5B%5D=functions.js&scripts%5B%5D=navigation.js&scripts%5B%5D=indexes.js&v=4.5.4.1 HTTP/1.1" 200 216429
::1 - - [02/Feb/2025:20:51:33 +0100] "GET /mysql/js/get_scripts.js.php?scripts%5B%5D=common.js&scripts%5B%5D=config.js&scripts%5B%5D=page_settings.js&scripts%5B%5D=codemirror/lib/codemirror.js&scripts%5B%5D=codemirror/mode/sql/sql.js&scripts%5B%5D=codemirror/addon/runmode/runmode.js&scripts%5B%5D=codemirror/addon/hint/show-hint.js&scripts%5B%5D=codemirror/addon/hint/sql-hint.js&scripts%5B%5D=codemirror/addon/lint/lint.js&scripts%5B%5D=codemirror/addon/lint/sql-lint.js&scripts%5B%5D=console.js&v=4.5.4.1 HTTP/1.1" 200 129440
::1 - - [02/Feb/2025:20:51:36 +0100] "POST /mysql/index.php HTTP/1.1" 302 25
::1 - - [02/Feb/2025:20:51:37 +0100] "GET /mysql/index.php?token=a09ba18bb959fe7f06008e397e3e5dac&phpMyAdmin=kh6ktfhd0mrrt927slvasreobu4760jl HTTP/1.1" 200 13397
::1 - - [02/Feb/2025:20:51:37 +0100] "GET /mysql/phpmyadmin.css.php?nocache=6102114653ltr HTTP/1.1" 200 20076
::1 - - [02/Feb/2025:20:51:37 +0100] "GET /mysql/js/whitelist.php?lang=fr&db=&token=a09ba18bb959fe7f06008e397e3e5dac&v=4.5.4.1 HTTP/1.1" 200 482
::1 - - [02/Feb/2025:20:51:38 +0100] "GET /mysql/themes/pmahomme/img/s_collapseall.png HTTP/1.1" 200 170
::1 - - [02/Feb/2025:20:51:37 +0100] "GET /mysql/js/messages.php?lang=fr&db=&token=a09ba18bb959fe7f06008e397e3e5dac&v=4.5.4.1 HTTP/1.1" 200 9507
::1 - - [02/Feb/2025:20:51:38 +0100] "POST /mysql/db_structure.php?ajax_request=1&favorite_table=1&sync_favorite_tables=1&token=a09ba18bb959fe7f06008e397e3e5dac HTTP/1.1" 200 164
::1 - - [02/Feb/2025:20:51:38 +0100] "GET /mysql/version_check.php?server=1&_nocache=1738525898195289587 HTTP/1.1" 200 40
::1 - - [02/Feb/2025:20:51:40 +0100] "GET /mysql/server_databases.php?server=1&token=a09ba18bb959fe7f06008e397e3e5dac&ajax_request=true&ajax_page_request=true&_nocache=1738525900611341132 HTTP/1.1" 200 5846
::1 - - [02/Feb/2025:20:51:40 +0100] "GET /mysql/js/get_scripts.js.php?scripts%5B%5D=server_databases.js&call_done=1&v=4.5.4.1 HTTP/1.1" 200 1707
::1 - - [02/Feb/2025:20:51:40 +0100] "POST /mysql/navigation.php?ajax_request=1&token=a09ba18bb959fe7f06008e397e3e5dac HTTP/1.1" 200 2096
::1 - - [02/Feb/2025:20:51:51 +0100] "POST /mysql/db_create.php HTTP/1.1" 200 2074
::1 - - [02/Feb/2025:20:51:52 +0100] "POST /mysql/navigation.php?ajax_request=1&token=a09ba18bb959fe7f06008e397e3e5dac HTTP/1.1" 200 2138
::1 - - [02/Feb/2025:20:51:52 +0100] "GET /mysql/db_structure.php?db=wordpress&token=a09ba18bb959fe7f06008e397e3e5dac&db=wordpress&ajax_request=true&ajax_page_request=true&_nocache=1738525912110525593 HTTP/1.1" 200 2838
::1 - - [02/Feb/2025:20:51:52 +0100] "GET /mysql/js/get_scripts.js.php?scripts%5B%5D=db_structure.js&scripts%5B%5D=tbl_change.js&call_done=1&v=4.5.4.1 HTTP/1.1" 200 10265
::1 - - [02/Feb/2025:20:51:52 +0100] "GET /mysql/navigation.php?ajax_request=1&token=a09ba18bb959fe7f06008e397e3e5dac&aPath=cm9vdA%3D%3D.d29yZHByZXNz&vPath=cm9vdA%3D%3D.d29yZHByZXNz&pos=0&pos2_name=&pos2_value=&searchClause=&searchClause2=&_nocache=1738525912540852829 HTTP/1.1" 200 1402
::1 - - [02/Feb/2025:20:51:58 +0100] "GET / HTTP/1.1" 200 1026
::1 - - [02/Feb/2025:20:51:59 +0100] "GET /wordpress-6.4.5/ HTTP/1.1" 200 1000
::1 - - [02/Feb/2025:20:52:00 +0100] "GET /wordpress-6.4.5/wordpress/ HTTP/1.1" 302 -
::1 - - [02/Feb/2025:20:52:00 +0100] "GET /wordpress-6.4.5/wordpress/wp-admin/setup-config.php HTTP/1.1" 200 13332
::1 - - [02/Feb/2025:20:52:01 +0100] "GET /wordpress-6.4.5/wordpress/wp-includes/css/dashicons.min.css?ver=6.4.5 HTTP/1.1" 200 59016
::1 - - [02/Feb/2025:20:52:01 +0100] "GET /wordpress-6.4.5/wordpress/wp-includes/css/buttons.min.css?ver=6.4.5 HTTP/1.1" 200 5925
::1 - - [02/Feb/2025:20:52:01 +0100] "GET /wordpress-6.4.5/wordpress/wp-admin/css/forms.min.css?ver=6.4.5 HTTP/1.1" 200 27499
::1 - - [02/Feb/2025:20:52:01 +0100] "GET /wordpress-6.4.5/wordpress/wp-admin/css/l10n.min.css?ver=6.4.5 HTTP/1.1" 200 2477
::1 - - [02/Feb/2025:20:52:01 +0100] "GET /wordpress-6.4.5/wordpress/wp-admin/css/install.min.css?ver=6.4.5 HTTP/1.1" 200 5157
::1 - - [02/Feb/2025:20:52:01 +0100] "GET /wordpress-6.4.5/wordpress/wp-includes/js/jquery/jquery.min.js?ver=3.7.1 HTTP/1.1" 200 87553
::1 - - [02/Feb/2025:20:52:01 +0100] "GET /wordpress-6.4.5/wordpress/wp-includes/js/jquery/jquery-migrate.min.js?ver=3.4.1 HTTP/1.1" 200 13577
::1 - - [02/Feb/2025:20:52:01 +0100] "GET /wordpress-6.4.5/wordpress/wp-admin/js/language-chooser.min.js?ver=6.4.5 HTTP/1.1" 200 423
::1 - - [02/Feb/2025:20:52:01 +0100] "GET /wordpress-6.4.5/wordpress/wp-admin/images/wordpress-logo.svg?ver=20131107 HTTP/1.1" 200 1521
::1 - - [02/Feb/2025:20:52:07 +0100] "POST /wordpress-6.4.5/wordpress/wp-admin/setup-config.php?step=0 HTTP/1.1" 200 3107
::1 - - [02/Feb/2025:20:52:14 +0100] "GET /wordpress-6.4.5/wordpress/wp-admin/setup-config.php?step=1&language=fr_FR HTTP/1.1" 200 5260
::1 - - [02/Feb/2025:20:52:14 +0100] "GET /wordpress-6.4.5/wordpress/wp-includes/js/dist/vendor/wp-polyfill-inert.min.js?ver=3.1.2 HTTP/1.1" 200 8171
::1 - - [02/Feb/2025:20:52:14 +0100] "GET /wordpress-6.4.5/wordpress/wp-includes/js/dist/vendor/regenerator-runtime.min.js?ver=0.14.0 HTTP/1.1" 200 6625
::1 - - [02/Feb/2025:20:52:14 +0100] "GET /wordpress-6.4.5/wordpress/wp-includes/js/dist/vendor/wp-polyfill.min.js?ver=3.15.0 HTTP/1.1" 200 115127
::1 - - [02/Feb/2025:20:52:14 +0100] "GET /wordpress-6.4.5/wordpress/wp-includes/js/dist/hooks.min.js?ver=c6aec9a8d4e5a5d543a1 HTTP/1.1" 200 4627
::1 - - [02/Feb/2025:20:52:14 +0100] "GET /wordpress-6.4.5/wordpress/wp-admin/js/password-toggle.min.js?ver=6.4.5 HTTP/1.1" 200 847
::1 - - [02/Feb/2025:20:52:23 +0100] "POST /wordpress-6.4.5/wordpress/wp-admin/setup-config.php?step=2 HTTP/1.1" 200 2041
::1 - - [02/Feb/2025:20:52:25 +0100] "GET /wordpress-6.4.5/wordpress/wp-admin/install.php?language=fr_FR HTTP/1.1" 200 8182
::1 - - [02/Feb/2025:20:52:26 +0100] "GET /wordpress-6.4.5/wordpress/wp-includes/js/zxcvbn-async.min.js?ver=1.0 HTTP/1.1" 200 351
::1 - - [02/Feb/2025:20:52:26 +0100] "GET /wordpress-6.4.5/wordpress/wp-admin/js/password-strength-meter.min.js?ver=6.4.5 HTTP/1.1" 200 1123
::1 - - [02/Feb/2025:20:52:26 +0100] "GET /wordpress-6.4.5/wordpress/wp-admin/js/user-profile.min.js?ver=6.4.5 HTTP/1.1" 200 6276
::1 - - [02/Feb/2025:20:52:26 +0100] "GET /wordpress-6.4.5/wordpress/wp-includes/js/zxcvbn.min.js HTTP/1.1" 200 822237
::1 - - [02/Feb/2025:20:52:59 +0100] "GET /wordpress-6.4.5/wordpress/2025/02/02/bonjour-tout-le-monde/ HTTP/1.1" 200 77589
::1 - - [02/Feb/2025:20:52:57 +0100] "POST /wordpress-6.4.5/wordpress/wp-admin/install.php?step=2 HTTP/1.1" 200 4689
::1 - - [02/Feb/2025:20:53:06 +0100] "GET /wordpress-6.4.5/wordpress/wp-login.php HTTP/1.1" 200 8061
::1 - - [02/Feb/2025:20:53:10 +0100] "GET /wordpress-6.4.5/wordpress/wp-admin/css/login.min.css?ver=6.4.5 HTTP/1.1" 200 6462
::1 - - [02/Feb/2025:20:53:12 +0100] "POST /wordpress-6.4.5/wordpress/wp-login.php HTTP/1.1" 302 -
::1 - - [02/Feb/2025:20:53:16 +0100] "GET /wordpress-6.4.5/wordpress/wp-admin/load-scripts.php?c=0&load%5Bchunk_0%5D=jquery-core,jquery-migrate,utils&ver=6.4.5 HTTP/1.1" 200 102997
::1 - - [02/Feb/2025:20:53:16 +0100] "GET /wordpress-6.4.5/wordpress/wp-admin/load-styles.php?c=0&dir=ltr&load%5Bchunk_0%5D=dashicons,admin-bar,site-health,common,forms,admin-menu,dashboard,list-tables,edit,revisions,media,themes,about,nav-menus,wp-poi&load%5Bchunk_1%5D=nter,widgets,site-icon,l10n,buttons,wp-auth-check&ver=6.4.5 HTTP/1.1" 200 395903
::1 - - [02/Feb/2025:20:53:16 +0100] "GET /wordpress-6.4.5/wordpress/wp-admin/load-scripts.php?c=0&load%5Bchunk_0%5D=hoverIntent,wp-polyfill-inert,regenerator-runtime,wp-polyfill,wp-hooks&ver=6.4.5 HTTP/1.1" 200 136054
::1 - - [02/Feb/2025:20:53:13 +0100] "GET /wordpress-6.4.5/wordpress/wp-admin/ HTTP/1.1" 200 94666
::1 - - [02/Feb/2025:20:53:16 +0100] "GET /wordpress-6.4.5/wordpress/wp-admin/admin-ajax.php?action=wp-compression-test&test=1&_ajax_nonce=2f8c4a890a&1738525996980 HTTP/1.1" 200 1114
::1 - - [02/Feb/2025:20:53:17 +0100] "POST /wordpress-6.4.5/wordpress/wp-admin/admin-ajax.php HTTP/1.1" 200 1439
::1 - - [02/Feb/2025:20:53:17 +0100] "GET /wordpress-6.4.5/wordpress/wp-admin/admin-ajax.php?action=wp-compression-test&test=2&_ajax_nonce=2f8c4a890a&1738525997627 HTTP/1.1" 200 572
::1 - - [02/Feb/2025:20:53:18 +0100] "GET /wordpress-6.4.5/wordpress/wp-admin/admin-ajax.php?action=wp-compression-test&test=yes&_ajax_nonce=2f8c4a890a&1738525998264 HTTP/1.1" 200 1
::1 - - [02/Feb/2025:20:53:17 +0100] "GET /wordpress-6.4.5/wordpress/wp-admin/admin-ajax.php?action=dashboard-widgets&widget=dashboard_primary&pagenow=dashboard HTTP/1.1" 200 871
::1 - - [02/Feb/2025:20:53:18 +0100] "GET /wordpress-6.4.5/wordpress/ HTTP/1.1" 200 91299
::1 - - [02/Feb/2025:20:53:19 +0100] "GET /wordpress-6.4.5/wordpress/wp-includes/css/admin-bar.min.css?ver=6.4.5 HTTP/1.1" 200 20319
::1 - - [02/Feb/2025:20:53:19 +0100] "GET /wordpress-6.4.5/wordpress/wp-includes/blocks/navigation/style.min.css?ver=6.4.5 HTTP/1.1" 200 16534
::1 - - [02/Feb/2025:20:53:19 +0100] "GET /wordpress-6.4.5/wordpress/wp-includes/blocks/image/style.min.css?ver=6.4.5 HTTP/1.1" 200 6979
::1 - - [02/Feb/2025:20:53:19 +0100] "GET /wordpress-6.4.5/wordpress/wp-includes/blocks/navigation/view.min.js?ver=e3d6f3216904b5b42831 HTTP/1.1" 200 3586
::1 - - [02/Feb/2025:20:53:19 +0100] "GET /wordpress-6.4.5/wordpress/wp-includes/js/dist/interactivity.min.js?ver=6.4.5 HTTP/1.1" 200 32378
::1 - - [02/Feb/2025:20:53:19 +0100] "GET /wordpress-6.4.5/wordpress/wp-content/themes/twentytwentyfour/assets/images/building-exterior.webp HTTP/1.1" 200 199724
::1 - - [02/Feb/2025:20:53:19 +0100] "GET /wordpress-6.4.5/wordpress/wp-content/themes/twentytwentyfour/assets/images/tourist-and-building.webp HTTP/1.1" 200 66482
::1 - - [02/Feb/2025:20:53:19 +0100] "GET /wordpress-6.4.5/wordpress/wp-content/themes/twentytwentyfour/assets/images/windows.webp HTTP/1.1" 200 126244
::1 - - [02/Feb/2025:20:53:19 +0100] "GET /wordpress-6.4.5/wordpress/wp-content/themes/twentytwentyfour/assets/fonts/cardo/cardo_normal_400.woff2 HTTP/1.1" 200 146060
::1 - - [02/Feb/2025:20:53:19 +0100] "GET /wordpress-6.4.5/wordpress/wp-content/themes/twentytwentyfour/assets/fonts/cardo/cardo_italic_400.woff2 HTTP/1.1" 200 105184
::1 - - [02/Feb/2025:20:53:19 +0100] "GET /wordpress-6.4.5/wordpress/wp-content/themes/twentytwentyfour/assets/fonts/inter/Inter-VariableFont_slnt,wght.woff2 HTTP/1.1" 200 326628
::1 - - [02/Feb/2025:20:53:21 +0100] "GET /wordpress-6.4.5/wordpress/wp-admin/about.php HTTP/1.1" 200 43156
::1 - - [02/Feb/2025:20:53:21 +0100] "GET /wordpress-6.4.5/wordpress/wp-admin/load-styles.php?c=1&dir=ltr&load%5Bchunk_0%5D=dashicons,admin-bar,common,forms,admin-menu,dashboard,list-tables,edit,revisions,media,themes,about,nav-menus,wp-pointer,widgets&load%5Bchunk_1%5D=,site-icon,l10n,buttons,wp-auth-check&ver=6.4.5 HTTP/1.1" 200 390728
::1 - - [02/Feb/2025:20:53:21 +0100] "GET /wordpress-6.4.5/wordpress/wp-admin/images/about-release-badge.svg?ver=6.4 HTTP/1.1" 200 2451
::1 - - [02/Feb/2025:20:53:21 +0100] "GET /wordpress-6.4.5/wordpress/wp-admin/images/about-header-about.svg?ver=6.4 HTTP/1.1" 200 1259
::1 - - [02/Feb/2025:20:53:21 +0100] "GET /wordpress-6.4.5/wordpress/wp-admin/images/about-header-background.svg?ver=6.4 HTTP/1.1" 200 662
::1 - - [02/Feb/2025:20:53:22 +0100] "GET /wordpress-6.4.5/wordpress/wp-admin/index.php HTTP/1.1" 200 94277
::1 - - [02/Feb/2025:20:53:23 +0100] "POST /wordpress-6.4.5/wordpress/wp-admin/admin-ajax.php HTTP/1.1" 200 1439
::1 - - [02/Feb/2025:20:53:26 +0100] "GET /wordpress-6.4.5/wordpress/wp-admin/update-core.php HTTP/1.1" 200 48865
::1 - - [02/Feb/2025:20:53:00 +0100] "POST /wordpress-6.4.5/wordpress/wp-cron.php?doing_wp_cron=1738525980.1072731018066406250000 HTTP/1.1" 200 6299
::1 - - [02/Feb/2025:20:53:33 +0100] "GET /wordpress-6.4.5/wordpress/wp-admin/plugins.php HTTP/1.1" 200 56614
::1 - - [02/Feb/2025:20:53:40 +0100] "POST /wordpress-6.4.5/wordpress/wp-admin/admin-ajax.php HTTP/1.1" 200 142
::1 - - [02/Feb/2025:20:53:42 +0100] "POST /wordpress-6.4.5/wordpress/wp-admin/admin-ajax.php HTTP/1.1" 200 112
::1 - - [02/Feb/2025:20:53:44 +0100] "GET /wordpress-6.4.5/wordpress/wp-admin/edit.php?post_type=page HTTP/1.1" 200 59399
::1 - - [02/Feb/2025:20:53:45 +0100] "GET /wordpress-6.4.5/wordpress/wp-admin/js/tags-suggest.min.js?ver=6.4.5 HTTP/1.1" 200 2245
::1 - - [02/Feb/2025:20:53:45 +0100] "GET /wordpress-6.4.5/wordpress/wp-admin/js/inline-edit-post.min.js?ver=6.4.5 HTTP/1.1" 200 8421
::1 - - [02/Feb/2025:20:53:45 +0100] "POST /wordpress-6.4.5/wordpress/wp-admin/admin-ajax.php HTTP/1.1" 200 47
::1 - - [02/Feb/2025:20:53:47 +0100] "GET /wordpress-6.4.5/wordpress/wp-admin/edit.php?post_type=page HTTP/1.1" 200 18231
::1 - - [02/Feb/2025:20:53:48 +0100] "GET /wordpress-6.4.5/wordpress/wp-includes/js/mediaelement/mediaelementplayer-legacy.min.css?ver=4.2.17 HTTP/1.1" 200 11256
::1 - - [02/Feb/2025:20:53:48 +0100] "GET /wordpress-6.4.5/wordpress/wp-includes/js/mediaelement/wp-mediaelement.min.css?ver=6.4.5 HTTP/1.1" 200 4186
::1 - - [02/Feb/2025:20:53:48 +0100] "GET /wordpress-6.4.5/wordpress/wp-includes/js/imgareaselect/imgareaselect.css?ver=0.9.8 HTTP/1.1" 200 790
::1 - - [02/Feb/2025:20:53:48 +0100] "GET /wordpress-6.4.5/wordpress/wp-admin/load-scripts.php?c=1&load%5Bchunk_0%5D=jquery-core,jquery-migrate,utils,moxiejs,plupload&ver=6.4.5 HTTP/1.1" 200 205998
::1 - - [02/Feb/2025:20:53:48 +0100] "GET /wordpress-6.4.5/wordpress/wp-admin/load-styles.php?c=1&dir=ltr&load%5Bchunk_0%5D=dashicons,admin-bar,buttons,media-views,common,forms,admin-menu,dashboard,list-tables,edit,revisions,media,themes,about,nav-menu&load%5Bchunk_1%5D=s,wp-pointer,widgets,site-icon,l10n,wp-auth-check&ver=6.4.5 HTTP/1.1" 200 437186
::1 - - [02/Feb/2025:20:53:48 +0100] "GET /wordpress-6.4.5/wordpress/wp-admin/upload.php HTTP/1.1" 200 110029
::1 - - [02/Feb/2025:20:53:48 +0100] "GET /wordpress-6.4.5/wordpress/wp-includes/js/backbone.min.js?ver=1.5.0 HTTP/1.1" 200 24140
::1 - - [02/Feb/2025:20:53:48 +0100] "GET /wordpress-6.4.5/wordpress/wp-includes/js/wp-backbone.min.js?ver=6.4.5 HTTP/1.1" 200 3039
::1 - - [02/Feb/2025:20:53:48 +0100] "GET /wordpress-6.4.5/wordpress/wp-includes/js/media-models.min.js?ver=6.4.5 HTTP/1.1" 200 13333
::1 - - [02/Feb/2025:20:53:48 +0100] "GET /wordpress-6.4.5/wordpress/wp-includes/js/mediaelement/mediaelement-migrate.min.js?ver=6.4.5 HTTP/1.1" 200 1191
::1 - - [02/Feb/2025:20:53:48 +0100] "GET /wordpress-6.4.5/wordpress/wp-includes/js/plupload/wp-plupload.min.js?ver=6.4.5 HTTP/1.1" 200 5903
::1 - - [02/Feb/2025:20:53:48 +0100] "GET /wordpress-6.4.5/wordpress/wp-includes/js/mediaelement/mediaelement-and-player.min.js?ver=4.2.17 HTTP/1.1" 200 158005
::1 - - [02/Feb/2025:20:53:48 +0100] "GET /wordpress-6.4.5/wordpress/wp-includes/js/mediaelement/wp-mediaelement.min.js?ver=6.4.5 HTTP/1.1" 200 1107
::1 - - [02/Feb/2025:20:53:48 +0100] "GET /wordpress-6.4.5/wordpress/wp-includes/js/media-views.min.js?ver=6.4.5 HTTP/1.1" 200 110278
::1 - - [02/Feb/2025:20:53:48 +0100] "GET /wordpress-6.4.5/wordpress/wp-includes/js/media-editor.min.js?ver=6.4.5 HTTP/1.1" 200 10885
::1 - - [02/Feb/2025:20:53:48 +0100] "GET /wordpress-6.4.5/wordpress/wp-includes/js/media-audiovideo.min.js?ver=6.4.5 HTTP/1.1" 200 12139
::1 - - [02/Feb/2025:20:53:48 +0100] "GET /wordpress-6.4.5/wordpress/wp-admin/js/image-edit.min.js?ver=6.4.5 HTTP/1.1" 200 14639
::1 - - [02/Feb/2025:20:53:48 +0100] "GET /wordpress-6.4.5/wordpress/wp-includes/js/mce-view.min.js?ver=6.4.5 HTTP/1.1" 200 9770
::1 - - [02/Feb/2025:20:53:48 +0100] "GET /wordpress-6.4.5/wordpress/wp-includes/js/imgareaselect/jquery.imgareaselect.min.js?ver=6.4.5 HTTP/1.1" 200 9770
::1 - - [02/Feb/2025:20:53:48 +0100] "GET /wordpress-6.4.5/wordpress/wp-includes/js/media-grid.min.js?ver=6.4.5 HTTP/1.1" 200 13339
::1 - - [02/Feb/2025:20:53:48 +0100] "GET /wordpress-6.4.5/wordpress/wp-admin/js/media.min.js?ver=6.4.5 HTTP/1.1" 200 2416
::1 - - [02/Feb/2025:20:53:48 +0100] "GET /wordpress-6.4.5/wordpress/wp-includes/images/spinner.gif HTTP/1.1" 200 3656
::1 - - [02/Feb/2025:20:53:48 +0100] "POST /wordpress-6.4.5/wordpress/wp-admin/admin-ajax.php HTTP/1.1" 200 26
::1 - - [02/Feb/2025:20:53:50 +0100] "GET /wordpress-6.4.5/wordpress/wp-admin/edit.php HTTP/1.1" 200 60795
::1 - - [02/Feb/2025:20:53:50 +0100] "POST /wordpress-6.4.5/wordpress/wp-admin/admin-ajax.php HTTP/1.1" 200 47
::1 - - [03/Feb/2025:08:17:48 +0100] "GET / HTTP/1.1" 200 1026
::1 - - [03/Feb/2025:08:17:48 +0100] "GET /icons/blank.gif HTTP/1.1" 200 148
::1 - - [03/Feb/2025:08:17:48 +0100] "GET /icons/compressed.gif HTTP/1.1" 200 1038
::1 - - [03/Feb/2025:08:17:48 +0100] "GET /icons/folder.gif HTTP/1.1" 200 225
::1 - - [03/Feb/2025:08:17:48 +0100] "GET /favicon.ico HTTP/1.1" 404 308
::1 - - [03/Feb/2025:08:17:50 +0100] "GET /wordpress-6.4.5/ HTTP/1.1" 200 1000
::1 - - [03/Feb/2025:08:17:50 +0100] "GET /icons/back.gif HTTP/1.1" 200 216
::1 - - [03/Feb/2025:08:18:01 +0100] "GET /wordpress-6.4.5/wordpress/wp-includes/blocks/navigation/style.min.css?ver=6.4.5 HTTP/1.1" 200 16534
::1 - - [03/Feb/2025:08:18:01 +0100] "GET /wordpress-6.4.5/wordpress/wp-includes/blocks/image/style.min.css?ver=6.4.5 HTTP/1.1" 200 6979
::1 - - [03/Feb/2025:08:17:50 +0100] "GET /wordpress-6.4.5/wordpress/ HTTP/1.1" 200 84395
::1 - - [03/Feb/2025:08:18:01 +0100] "GET /wordpress-6.4.5/wordpress/wp-content/themes/twentytwentyfour/assets/images/tourist-and-building.webp HTTP/1.1" 200 66482
::1 - - [03/Feb/2025:08:18:01 +0100] "GET /wordpress-6.4.5/wordpress/wp-content/themes/twentytwentyfour/assets/images/building-exterior.webp HTTP/1.1" 200 199724
::1 - - [03/Feb/2025:08:18:01 +0100] "GET /wordpress-6.4.5/wordpress/wp-content/themes/twentytwentyfour/assets/images/windows.webp HTTP/1.1" 200 126244
::1 - - [03/Feb/2025:08:18:01 +0100] "GET /wordpress-6.4.5/wordpress/wp-includes/blocks/navigation/view.min.js?ver=e3d6f3216904b5b42831 HTTP/1.1" 200 3586
::1 - - [03/Feb/2025:08:18:01 +0100] "GET /wordpress-6.4.5/wordpress/wp-includes/js/dist/interactivity.min.js?ver=6.4.5 HTTP/1.1" 200 32378
::1 - - [03/Feb/2025:08:18:01 +0100] "GET /wordpress-6.4.5/wordpress/wp-content/themes/twentytwentyfour/assets/fonts/cardo/cardo_italic_400.woff2 HTTP/1.1" 200 105184
::1 - - [03/Feb/2025:08:18:01 +0100] "GET /wordpress-6.4.5/wordpress/wp-content/themes/twentytwentyfour/assets/fonts/cardo/cardo_normal_400.woff2 HTTP/1.1" 200 146060
::1 - - [03/Feb/2025:08:18:01 +0100] "GET /wordpress-6.4.5/wordpress/wp-content/themes/twentytwentyfour/assets/fonts/inter/Inter-VariableFont_slnt,wght.woff2 HTTP/1.1" 200 326628
::1 - - [03/Feb/2025:08:18:01 +0100] "GET /wordpress-6.4.5/wordpress/wp-includes/js/wp-emoji-release.min.js?ver=6.4.5 HTTP/1.1" 200 18692
::1 - - [03/Feb/2025:08:18:00 +0100] "POST /wordpress-6.4.5/wordpress/wp-cron.php?doing_wp_cron=1738567079.9785759449005126953125 HTTP/1.1" 200 -
::1 - - [03/Feb/2025:08:18:07 +0100] "GET /wordpress-6.4.5/wordpress/wp-admin HTTP/1.1" 301 359
::1 - - [03/Feb/2025:08:18:07 +0100] "GET /wordpress-6.4.5/wordpress/wp-admin/ HTTP/1.1" 302 -
::1 - - [03/Feb/2025:08:18:09 +0100] "GET /wordpress-6.4.5/wordpress/wp-login.php?redirect_to=http%3A%2F%2Flocalhost%2Fwordpress-6.4.5%2Fwordpress%2Fwp-admin%2F&reauth=1 HTTP/1.1" 200 8176
::1 - - [03/Feb/2025:08:18:11 +0100] "GET /wordpress-6.4.5/wordpress/wp-admin/css/l10n.min.css?ver=6.4.5 HTTP/1.1" 200 2477
::1 - - [03/Feb/2025:08:18:11 +0100] "GET /wordpress-6.4.5/wordpress/wp-admin/css/login.min.css?ver=6.4.5 HTTP/1.1" 200 6462
::1 - - [03/Feb/2025:08:18:11 +0100] "GET /wordpress-6.4.5/wordpress/wp-admin/css/forms.min.css?ver=6.4.5 HTTP/1.1" 200 27499
::1 - - [03/Feb/2025:08:18:11 +0100] "GET /wordpress-6.4.5/wordpress/wp-includes/css/dashicons.min.css?ver=6.4.5 HTTP/1.1" 200 59016
::1 - - [03/Feb/2025:08:18:11 +0100] "GET /wordpress-6.4.5/wordpress/wp-includes/js/zxcvbn-async.min.js?ver=1.0 HTTP/1.1" 200 351
::1 - - [03/Feb/2025:08:18:11 +0100] "GET /wordpress-6.4.5/wordpress/wp-includes/css/buttons.min.css?ver=6.4.5 HTTP/1.1" 200 5925
::1 - - [03/Feb/2025:08:18:11 +0100] "GET /wordpress-6.4.5/wordpress/wp-includes/js/dist/vendor/wp-polyfill-inert.min.js?ver=3.1.2 HTTP/1.1" 200 8171
::1 - - [03/Feb/2025:08:18:11 +0100] "GET /wordpress-6.4.5/wordpress/wp-includes/js/jquery/jquery.min.js?ver=3.7.1 HTTP/1.1" 200 87553
::1 - - [03/Feb/2025:08:18:11 +0100] "GET /wordpress-6.4.5/wordpress/wp-includes/js/jquery/jquery-migrate.min.js?ver=3.4.1 HTTP/1.1" 200 13577
::1 - - [03/Feb/2025:08:18:11 +0100] "GET /wordpress-6.4.5/wordpress/wp-includes/js/dist/vendor/regenerator-runtime.min.js?ver=0.14.0 HTTP/1.1" 200 6625
::1 - - [03/Feb/2025:08:18:11 +0100] "GET /wordpress-6.4.5/wordpress/wp-admin/js/password-strength-meter.min.js?ver=6.4.5 HTTP/1.1" 200 1123
::1 - - [03/Feb/2025:08:18:11 +0100] "GET /wordpress-6.4.5/wordpress/wp-includes/js/dist/i18n.min.js?ver=7701b0c3857f914212ef HTTP/1.1" 200 9445
::1 - - [03/Feb/2025:08:18:11 +0100] "GET /wordpress-6.4.5/wordpress/wp-admin/images/wordpress-logo.svg?ver=20131107 HTTP/1.1" 200 1521
::1 - - [03/Feb/2025:08:18:11 +0100] "GET /wordpress-6.4.5/wordpress/wp-includes/js/dist/hooks.min.js?ver=c6aec9a8d4e5a5d543a1 HTTP/1.1" 200 4627
::1 - - [03/Feb/2025:08:18:11 +0100] "GET /wordpress-6.4.5/wordpress/wp-includes/js/wp-util.min.js?ver=6.4.5 HTTP/1.1" 200 1426
::1 - - [03/Feb/2025:08:18:11 +0100] "GET /wordpress-6.4.5/wordpress/wp-admin/js/user-profile.min.js?ver=6.4.5 HTTP/1.1" 200 6276
::1 - - [03/Feb/2025:08:18:11 +0100] "GET /wordpress-6.4.5/wordpress/wp-includes/js/dist/vendor/wp-polyfill.min.js?ver=3.15.0 HTTP/1.1" 200 115127
::1 - - [03/Feb/2025:08:18:11 +0100] "GET /wordpress-6.4.5/wordpress/wp-includes/js/underscore.min.js?ver=1.13.4 HTTP/1.1" 200 18833
::1 - - [03/Feb/2025:08:18:11 +0100] "GET /wordpress-6.4.5/wordpress/wp-includes/js/zxcvbn.min.js HTTP/1.1" 200 822237
::1 - - [03/Feb/2025:08:18:17 +0100] "POST /wordpress-6.4.5/wordpress/wp-login.php HTTP/1.1" 302 -
::1 - - [03/Feb/2025:08:18:21 +0100] "GET /wordpress-6.4.5/wordpress/wp-includes/js/thickbox/thickbox.css?ver=6.4.5 HTTP/1.1" 200 2659
::1 - - [03/Feb/2025:08:18:21 +0100] "GET /wordpress-6.4.5/wordpress/wp-admin/load-scripts.php?c=1&load%5Bchunk_0%5D=jquery-core,jquery-migrate,utils&ver=6.4.5 HTTP/1.1" 200 102997
::1 - - [03/Feb/2025:08:18:21 +0100] "GET /wordpress-6.4.5/wordpress/wp-includes/css/editor.min.css?ver=6.4.5 HTTP/1.1" 200 26971
::1 - - [03/Feb/2025:08:18:21 +0100] "GET /wordpress-6.4.5/wordpress/wp-includes/js/hoverintent-js.min.js?ver=2.2.1 HTTP/1.1" 200 1718
::1 - - [03/Feb/2025:08:18:21 +0100] "GET /wordpress-6.4.5/wordpress/wp-includes/js/admin-bar.min.js?ver=6.4.5 HTTP/1.1" 200 3536
::1 - - [03/Feb/2025:08:18:21 +0100] "GET /wordpress-6.4.5/wordpress/wp-admin/load-scripts.php?c=1&load%5Bchunk_0%5D=hoverIntent,wp-polyfill-inert,regenerator-runtime,wp-polyfill,wp-hooks&ver=6.4.5 HTTP/1.1" 200 136054
::1 - - [03/Feb/2025:08:18:21 +0100] "GET /wordpress-6.4.5/wordpress/wp-admin/js/common.min.js?ver=6.4.5 HTTP/1.1" 200 22086
::1 - - [03/Feb/2025:08:18:21 +0100] "GET /wordpress-6.4.5/wordpress/wp-includes/js/dist/dom-ready.min.js?ver=392bdd43726760d1f3ca HTTP/1.1" 200 498
::1 - - [03/Feb/2025:08:18:21 +0100] "GET /wordpress-6.4.5/wordpress/wp-admin/load-styles.php?c=1&dir=ltr&load%5Bchunk_0%5D=dashicons,admin-bar,site-health,common,forms,admin-menu,dashboard,list-tables,edit,revisions,media,themes,about,nav-menus,wp-poi&load%5Bchunk_1%5D=nter,widgets,site-icon,l10n,buttons,wp-auth-check&ver=6.4.5 HTTP/1.1" 200 395903
::1 - - [03/Feb/2025:08:18:22 +0100] "GET /wordpress-6.4.5/wordpress/wp-includes/js/api-request.min.js?ver=6.4.5 HTTP/1.1" 200 1023
::1 - - [03/Feb/2025:08:18:17 +0100] "GET /wordpress-6.4.5/wordpress/wp-admin/ HTTP/1.1" 200 94252
::1 - - [03/Feb/2025:08:18:21 +0100] "GET /wordpress-6.4.5/wordpress/wp-includes/js/dist/a11y.min.js?ver=7032343a947cfccf5608 HTTP/1.1" 200 2448
::1 - - [03/Feb/2025:08:18:22 +0100] "GET /wordpress-6.4.5/wordpress/wp-includes/js/wp-ajax-response.min.js?ver=6.4.5 HTTP/1.1" 200 2440
::1 - - [03/Feb/2025:08:18:22 +0100] "GET /wordpress-6.4.5/wordpress/wp-includes/js/dist/url.min.js?ver=b4979979018b684be209 HTTP/1.1" 200 9629
::1 - - [03/Feb/2025:08:18:22 +0100] "GET /wordpress-6.4.5/wordpress/wp-includes/js/wp-lists.min.js?ver=6.4.5 HTTP/1.1" 200 7521
::1 - - [03/Feb/2025:08:18:22 +0100] "GET /wordpress-6.4.5/wordpress/wp-includes/js/jquery/jquery.color.min.js?ver=2.2.0 HTTP/1.1" 200 7047
::1 - - [03/Feb/2025:08:18:22 +0100] "GET /wordpress-6.4.5/wordpress/wp-includes/js/quicktags.min.js?ver=6.4.5 HTTP/1.1" 200 11132
::1 - - [03/Feb/2025:08:18:22 +0100] "GET /wordpress-6.4.5/wordpress/wp-includes/js/jquery/jquery.query.js?ver=2.2.3 HTTP/1.1" 200 3694
::1 - - [03/Feb/2025:08:18:22 +0100] "GET /wordpress-6.4.5/wordpress/wp-includes/js/jquery/ui/mouse.min.js?ver=1.13.2 HTTP/1.1" 200 3402
::1 - - [03/Feb/2025:08:18:22 +0100] "GET /wordpress-6.4.5/wordpress/wp-admin/js/edit-comments.min.js?ver=6.4.5 HTTP/1.1" 200 15349
::1 - - [03/Feb/2025:08:18:22 +0100] "GET /wordpress-6.4.5/wordpress/wp-includes/js/jquery/ui/core.min.js?ver=1.13.2 HTTP/1.1" 200 21438
::1 - - [03/Feb/2025:08:18:22 +0100] "GET /wordpress-6.4.5/wordpress/wp-includes/js/jquery/ui/sortable.min.js?ver=1.13.2 HTTP/1.1" 200 25449
::1 - - [03/Feb/2025:08:18:22 +0100] "GET /wordpress-6.4.5/wordpress/wp-admin/js/postbox.min.js?ver=6.4.5 HTTP/1.1" 200 6705
::1 - - [03/Feb/2025:08:18:22 +0100] "GET /wordpress-6.4.5/wordpress/wp-includes/js/dist/deprecated.min.js?ver=73ad3591e7bc95f4777a HTTP/1.1" 200 729
::1 - - [03/Feb/2025:08:18:22 +0100] "GET /wordpress-6.4.5/wordpress/wp-includes/js/thickbox/thickbox.js?ver=3.1-20121105 HTTP/1.1" 200 13242
::1 - - [03/Feb/2025:08:18:22 +0100] "GET /wordpress-6.4.5/wordpress/wp-admin/js/dashboard.min.js?ver=6.4.5 HTTP/1.1" 200 8797
::1 - - [03/Feb/2025:08:18:22 +0100] "GET /wordpress-6.4.5/wordpress/wp-includes/js/dist/vendor/moment.min.js?ver=2.29.4 HTTP/1.1" 200 57925
::1 - - [03/Feb/2025:08:18:22 +0100] "GET /wordpress-6.4.5/wordpress/wp-includes/js/dist/date.min.js?ver=936c461ad5dce9c2c8ea HTTP/1.1" 200 783709
::1 - - [03/Feb/2025:08:18:22 +0100] "GET /wordpress-6.4.5/wordpress/wp-includes/js/wp-sanitize.min.js?ver=6.4.5 HTTP/1.1" 200 458
::1 - - [03/Feb/2025:08:18:22 +0100] "GET /wordpress-6.4.5/wordpress/wp-admin/js/plugin-install.min.js?ver=6.4.5 HTTP/1.1" 200 2403
::1 - - [03/Feb/2025:08:18:22 +0100] "GET /wordpress-6.4.5/wordpress/wp-admin/js/updates.min.js?ver=6.4.5 HTTP/1.1" 200 41620
::1 - - [03/Feb/2025:08:18:22 +0100] "GET /wordpress-6.4.5/wordpress/wp-admin/js/media-upload.min.js?ver=6.4.5 HTTP/1.1" 200 1152
::1 - - [03/Feb/2025:08:18:22 +0100] "GET /wordpress-6.4.5/wordpress/wp-includes/js/shortcode.min.js?ver=6.4.5 HTTP/1.1" 200 2643
::1 - - [03/Feb/2025:08:18:22 +0100] "GET /wordpress-6.4.5/wordpress/wp-admin/js/svg-painter.js?ver=6.4.5 HTTP/1.1" 200 5522
::1 - - [03/Feb/2025:08:18:22 +0100] "GET /wordpress-6.4.5/wordpress/wp-includes/js/wp-auth-check.min.js?ver=6.4.5 HTTP/1.1" 200 1658
::1 - - [03/Feb/2025:08:18:22 +0100] "GET /wordpress-6.4.5/wordpress/wp-includes/js/heartbeat.min.js?ver=6.4.5 HTTP/1.1" 200 6013
::1 - - [03/Feb/2025:08:18:22 +0100] "GET /wordpress-6.4.5/wordpress/wp-includes/js/jquery/ui/autocomplete.min.js?ver=1.13.2 HTTP/1.1" 200 8466
::1 - - [03/Feb/2025:08:18:22 +0100] "GET /wordpress-6.4.5/wordpress/wp-includes/js/wplink.min.js?ver=6.4.5 HTTP/1.1" 200 11253
::1 - - [03/Feb/2025:08:18:22 +0100] "GET /wordpress-6.4.5/wordpress/wp-includes/js/jquery/ui/menu.min.js?ver=1.13.2 HTTP/1.1" 200 10114
::1 - - [03/Feb/2025:08:18:21 +0100] "GET /wordpress-6.4.5/wordpress/wp-includes/js/clipboard.min.js?ver=2.0.11 HTTP/1.1" 200 9009
::1 - - [03/Feb/2025:08:18:22 +0100] "GET /wordpress-6.4.5/wordpress/wp-admin/js/site-health.min.js?ver=6.4.5 HTTP/1.1" 200 6301
::1 - - [03/Feb/2025:08:18:22 +0100] "GET /wordpress-6.4.5/wordpress/wp-includes/js/thickbox/loadingAnimation.gif HTTP/1.1" 200 15238
::1 - - [03/Feb/2025:08:18:22 +0100] "POST /wordpress-6.4.5/wordpress/wp-admin/admin-ajax.php HTTP/1.1" 200 1439
::1 - - [03/Feb/2025:08:18:23 +0100] "GET /wordpress-6.4.5/wordpress/wp-admin/images/spinner.gif HTTP/1.1" 200 3656
::1 - - [03/Feb/2025:08:19:22 +0100] "POST /wordpress-6.4.5/wordpress/wp-admin/admin-ajax.php HTTP/1.1" 200 47
::1 - - [03/Feb/2025:08:21:23 +0100] "POST /wordpress-6.4.5/wordpress/wp-admin/admin-ajax.php HTTP/1.1" 200 47
::1 - - [03/Feb/2025:08:23:24 +0100] "POST /wordpress-6.4.5/wordpress/wp-admin/admin-ajax.php HTTP/1.1" 200 47
::1 - - [03/Feb/2025:08:25:25 +0100] "POST /wordpress-6.4.5/wordpress/wp-admin/admin-ajax.php HTTP/1.1" 200 47
::1 - - [03/Feb/2025:08:27:26 +0100] "POST /wordpress-6.4.5/wordpress/wp-admin/admin-ajax.php HTTP/1.1" 200 47
::1 - - [03/Feb/2025:08:29:56 +0100] "POST /wordpress-6.4.5/wordpress/wp-admin/admin-ajax.php HTTP/1.1" 200 47
::1 - - [03/Feb/2025:08:30:56 +0100] "POST /wordpress-6.4.5/wordpress/wp-admin/admin-ajax.php HTTP/1.1" 200 47
::1 - - [03/Feb/2025:08:32:57 +0100] "POST /wordpress-6.4.5/wordpress/wp-admin/admin-ajax.php HTTP/1.1" 200 47
::1 - - [03/Feb/2025:08:34:58 +0100] "POST /wordpress-6.4.5/wordpress/wp-admin/admin-ajax.php HTTP/1.1" 200 47
::1 - - [03/Feb/2025:08:36:59 +0100] "POST /wordpress-6.4.5/wordpress/wp-admin/admin-ajax.php HTTP/1.1" 200 47
::1 - - [03/Feb/2025:08:39:00 +0100] "POST /wordpress-6.4.5/wordpress/wp-admin/admin-ajax.php HTTP/1.1" 200 47
::1 - - [03/Feb/2025:09:04:24 +0100] "POST /wordpress-6.4.5/wordpress/wp-admin/admin-ajax.php HTTP/1.1" 200 47
::1 - - [03/Feb/2025:09:04:31 +0100] "POST /wordpress-6.4.5/wordpress/wp-cron.php?doing_wp_cron=1738569871.7965440750122070312500 HTTP/1.1" 200 6129
::1 - - [24/Feb/2025:08:23:11 +0100] "GET / HTTP/1.1" 200 1026
::1 - - [24/Feb/2025:08:23:11 +0100] "GET /icons/blank.gif HTTP/1.1" 200 148
::1 - - [24/Feb/2025:08:23:11 +0100] "GET /icons/compressed.gif HTTP/1.1" 200 1038
::1 - - [24/Feb/2025:08:23:11 +0100] "GET /icons/folder.gif HTTP/1.1" 200 225
::1 - - [24/Feb/2025:08:23:11 +0100] "GET /favicon.ico HTTP/1.1" 404 308
::1 - - [24/Feb/2025:08:23:14 +0100] "GET /wordpress-6.4.5%20(1).zip HTTP/1.1" 200 25962781
::1 - - [24/Feb/2025:08:23:26 +0100] "GET /wordpress-6.4.5/ HTTP/1.1" 200 1000
::1 - - [24/Feb/2025:08:23:26 +0100] "GET /icons/back.gif HTTP/1.1" 200 216
::1 - - [24/Feb/2025:08:23:40 +0100] "GET /wordpress-6.4.5/wordpress/wp-includes/blocks/navigation/style.min.css?ver=6.4.5 HTTP/1.1" 200 16534
::1 - - [24/Feb/2025:08:23:40 +0100] "GET /wordpress-6.4.5/wordpress/wp-includes/blocks/image/style.min.css?ver=6.4.5 HTTP/1.1" 200 6979
::1 - - [24/Feb/2025:08:23:29 +0100] "GET /wordpress-6.4.5/wordpress/ HTTP/1.1" 200 84395
::1 - - [24/Feb/2025:08:23:40 +0100] "GET /wordpress-6.4.5/wordpress/wp-content/themes/twentytwentyfour/assets/images/windows.webp HTTP/1.1" 200 126244
::1 - - [24/Feb/2025:08:23:40 +0100] "GET /wordpress-6.4.5/wordpress/wp-content/themes/twentytwentyfour/assets/images/tourist-and-building.webp HTTP/1.1" 200 66482
::1 - - [24/Feb/2025:08:23:40 +0100] "GET /wordpress-6.4.5/wordpress/wp-content/themes/twentytwentyfour/assets/images/building-exterior.webp HTTP/1.1" 200 199724
::1 - - [24/Feb/2025:08:23:40 +0100] "GET /wordpress-6.4.5/wordpress/wp-includes/blocks/navigation/view.min.js?ver=e3d6f3216904b5b42831 HTTP/1.1" 200 3586
::1 - - [24/Feb/2025:08:23:40 +0100] "GET /wordpress-6.4.5/wordpress/wp-includes/js/dist/interactivity.min.js?ver=6.4.5 HTTP/1.1" 200 32378
::1 - - [24/Feb/2025:08:23:40 +0100] "GET /wordpress-6.4.5/wordpress/wp-content/themes/twentytwentyfour/assets/fonts/cardo/cardo_italic_400.woff2 HTTP/1.1" 200 105184
::1 - - [24/Feb/2025:08:23:40 +0100] "GET /wordpress-6.4.5/wordpress/wp-content/themes/twentytwentyfour/assets/fonts/inter/Inter-VariableFont_slnt,wght.woff2 HTTP/1.1" 200 326628
::1 - - [24/Feb/2025:08:23:40 +0100] "GET /wordpress-6.4.5/wordpress/wp-content/themes/twentytwentyfour/assets/fonts/cardo/cardo_normal_400.woff2 HTTP/1.1" 200 146060
::1 - - [24/Feb/2025:08:23:40 +0100] "GET /wordpress-6.4.5/wordpress/wp-includes/js/wp-emoji-release.min.js?ver=6.4.5 HTTP/1.1" 200 18692
::1 - - [24/Feb/2025:08:23:57 +0100] "POST /wordpress-6.4.5/wordpress/wp-cron.php HTTP/1.1" 200 -
::1 - - [24/Feb/2025:08:23:57 +0100] "GET /wordpress-6.4.5/wordpress/ HTTP/1.1" 200 84418
::1 - - [24/Feb/2025:08:23:57 +0100] "GET /wordpress-6.4.5/wordpress/ HTTP/1.1" 200 84418
::1 - - [24/Feb/2025:08:23:58 +0100] "GET /wordpress-6.4.5/wordpress/ HTTP/1.1" 200 84395
::1 - - [24/Feb/2025:08:23:59 +0100] "GET /wordpress-6.4.5/wordpress/ HTTP/1.1" 200 84395
::1 - - [24/Feb/2025:08:23:59 +0100] "GET /wordpress-6.4.5/wordpress/ HTTP/1.1" 200 84395
::1 - - [24/Feb/2025:08:23:40 +0100] "POST /wordpress-6.4.5/wordpress/wp-cron.php?doing_wp_cron=1740381819.0190470218658447265625 HTTP/1.1" 500 6760
