[Sun Feb 02 20:46:44.192601 2025] [ssl:warn] [pid 19344:tid 628] AH01906: main-serveur:443:0 server certificate is a CA certificate (BasicConstraints: CA == TRUE !?)
[Sun Feb 02 20:46:44.193570 2025] [ssl:warn] [pid 19344:tid 628] AH01909: main-serveur:443:0 server certificate does NOT include an ID which matches the server name
[Sun Feb 02 20:46:44.281549 2025] [ssl:warn] [pid 19344:tid 628] AH01873: Init: Session Cache is not configured [hint: SSLSessionCache]
[Sun Feb 02 20:46:44.282546 2025] [ssl:warn] [pid 19344:tid 628] AH01906: main-serveur:443:0 server certificate is a CA certificate (BasicConstraints: CA == TRUE !?)
[Sun Feb 02 20:46:44.282546 2025] [ssl:warn] [pid 19344:tid 628] AH01909: main-serveur:443:0 server certificate does NOT include an ID which matches the server name
[Sun Feb 02 20:46:44.897132 2025] [mpm_winnt:notice] [pid 19344:tid 628] AH00455: Apache/2.4.18 (Win32) OpenSSL/1.0.2f PHP/5.6.18 configured -- resuming normal operations
[Sun Feb 02 20:46:44.897132 2025] [mpm_winnt:notice] [pid 19344:tid 628] AH00456: Server built: Jan 28 2016 09:58:25
[Sun Feb 02 20:46:44.897132 2025] [core:notice] [pid 19344:tid 628] AH00094: Command line: 'E:\\TEMPLATES\\UwAmp\\bin\\apache\\bin\\httpd.exe -d E:/TEMPLATES/UwAmp/bin/apache -f E:\\TEMPLATES\\UwAmp\\bin\\apache\\conf\\httpd.conf'
[Sun Feb 02 20:46:44.902147 2025] [mpm_winnt:notice] [pid 19344:tid 628] AH00418: Parent: Created child process 18456
[Sun Feb 02 20:46:45.462934 2025] [ssl:warn] [pid 18456:tid 640] AH01906: main-serveur:443:0 server certificate is a CA certificate (BasicConstraints: CA == TRUE !?)
[Sun Feb 02 20:46:45.463933 2025] [ssl:warn] [pid 18456:tid 640] AH01909: main-serveur:443:0 server certificate does NOT include an ID which matches the server name
[Sun Feb 02 20:46:45.606987 2025] [ssl:warn] [pid 18456:tid 640] AH01873: Init: Session Cache is not configured [hint: SSLSessionCache]
[Sun Feb 02 20:46:45.606987 2025] [ssl:warn] [pid 18456:tid 640] AH01906: main-serveur:443:0 server certificate is a CA certificate (BasicConstraints: CA == TRUE !?)
[Sun Feb 02 20:46:45.606987 2025] [ssl:warn] [pid 18456:tid 640] AH01909: main-serveur:443:0 server certificate does NOT include an ID which matches the server name
[Sun Feb 02 20:46:45.629353 2025] [mpm_winnt:notice] [pid 18456:tid 640] AH00354: Child: Starting 64 worker threads.
[Sun Feb 02 20:46:51.317133 2025] [mpm_winnt:crit] [pid 18456:tid 640] AH02538: Child: Parent process exited abruptly. Child process is ending
[Sun Feb 02 20:46:53.595720 2025] [ssl:warn] [pid 19956:tid 620] AH01906: main-serveur:443:0 server certificate is a CA certificate (BasicConstraints: CA == TRUE !?)
[Sun Feb 02 20:46:53.595720 2025] [ssl:warn] [pid 19956:tid 620] AH01909: main-serveur:443:0 server certificate does NOT include an ID which matches the server name
[Sun Feb 02 20:46:53.612707 2025] [core:warn] [pid 19956:tid 620] AH00098: pid file E:/TEMPLATES/UwAmp/bin/apache/logs/httpd.pid overwritten -- Unclean shutdown of previous Apache run?
[Sun Feb 02 20:46:53.672597 2025] [ssl:warn] [pid 19956:tid 620] AH01873: Init: Session Cache is not configured [hint: SSLSessionCache]
[Sun Feb 02 20:46:53.672597 2025] [ssl:warn] [pid 19956:tid 620] AH01906: main-serveur:443:0 server certificate is a CA certificate (BasicConstraints: CA == TRUE !?)
[Sun Feb 02 20:46:53.672597 2025] [ssl:warn] [pid 19956:tid 620] AH01909: main-serveur:443:0 server certificate does NOT include an ID which matches the server name
[Sun Feb 02 20:46:54.153961 2025] [mpm_winnt:notice] [pid 19956:tid 620] AH00455: Apache/2.4.18 (Win32) OpenSSL/1.0.2f PHP/7.0.3 configured -- resuming normal operations
[Sun Feb 02 20:46:54.153961 2025] [mpm_winnt:notice] [pid 19956:tid 620] AH00456: Server built: Jan 28 2016 09:58:25
[Sun Feb 02 20:46:54.153961 2025] [core:notice] [pid 19956:tid 620] AH00094: Command line: 'E:\\TEMPLATES\\UwAmp\\bin\\apache\\bin\\httpd.exe -d E:/TEMPLATES/UwAmp/bin/apache -f E:\\TEMPLATES\\UwAmp\\bin\\apache\\conf\\httpd.conf'
[Sun Feb 02 20:46:54.158982 2025] [mpm_winnt:notice] [pid 19956:tid 620] AH00418: Parent: Created child process 13616
[Sun Feb 02 20:46:54.680978 2025] [ssl:warn] [pid 13616:tid 568] AH01906: main-serveur:443:0 server certificate is a CA certificate (BasicConstraints: CA == TRUE !?)
[Sun Feb 02 20:46:54.680978 2025] [ssl:warn] [pid 13616:tid 568] AH01909: main-serveur:443:0 server certificate does NOT include an ID which matches the server name
[Sun Feb 02 20:46:54.749794 2025] [ssl:warn] [pid 13616:tid 568] AH01873: Init: Session Cache is not configured [hint: SSLSessionCache]
[Sun Feb 02 20:46:54.749794 2025] [ssl:warn] [pid 13616:tid 568] AH01906: main-serveur:443:0 server certificate is a CA certificate (BasicConstraints: CA == TRUE !?)
[Sun Feb 02 20:46:54.749794 2025] [ssl:warn] [pid 13616:tid 568] AH01909: main-serveur:443:0 server certificate does NOT include an ID which matches the server name
[Sun Feb 02 20:46:54.769738 2025] [mpm_winnt:notice] [pid 13616:tid 568] AH00354: Child: Starting 64 worker threads.
[Sun Feb 02 20:53:30.145604 2025] [:error] [pid 13616:tid 1356] [client ::1:64799] PHP Fatal error:  Maximum execution time of 30 seconds exceeded in E:\\TEMPLATES\\UwAmp\\www\\wordpress-6.4.5\\wordpress\\wp-admin\\includes\\class-wp-filesystem-direct.php on line 80
[Sun Feb 02 20:53:30.145604 2025] [:error] [pid 13616:tid 1356] [client ::1:64799] PHP Stack trace:
[Sun Feb 02 20:53:30.145604 2025] [:error] [pid 13616:tid 1356] [client ::1:64799] PHP   1. {main}() E:\\TEMPLATES\\UwAmp\\www\\wordpress-6.4.5\\wordpress\\wp-cron.php:0
[Sun Feb 02 20:53:30.145604 2025] [:error] [pid 13616:tid 1356] [client ::1:64799] PHP   2. do_action_ref_array() E:\\TEMPLATES\\UwAmp\\www\\wordpress-6.4.5\\wordpress\\wp-cron.php:191
[Sun Feb 02 20:53:30.145604 2025] [:error] [pid 13616:tid 1356] [client ::1:64799] PHP   3. WP_Hook->do_action() E:\\TEMPLATES\\UwAmp\\www\\wordpress-6.4.5\\wordpress\\wp-includes\\plugin.php:565
[Sun Feb 02 20:53:30.145604 2025] [:error] [pid 13616:tid 1356] [client ::1:64799] PHP   4. WP_Hook->apply_filters() E:\\TEMPLATES\\UwAmp\\www\\wordpress-6.4.5\\wordpress\\wp-includes\\class-wp-hook.php:348
[Sun Feb 02 20:53:30.145604 2025] [:error] [pid 13616:tid 1356] [client ::1:64799] PHP   5. wp_version_check() E:\\TEMPLATES\\UwAmp\\www\\wordpress-6.4.5\\wordpress\\wp-includes\\class-wp-hook.php:324
[Sun Feb 02 20:53:30.145604 2025] [:error] [pid 13616:tid 1356] [client ::1:64799] PHP   6. do_action() E:\\TEMPLATES\\UwAmp\\www\\wordpress-6.4.5\\wordpress\\wp-includes\\update.php:292
[Sun Feb 02 20:53:30.145604 2025] [:error] [pid 13616:tid 1356] [client ::1:64799] PHP   7. WP_Hook->do_action() E:\\TEMPLATES\\UwAmp\\www\\wordpress-6.4.5\\wordpress\\wp-includes\\plugin.php:517
[Sun Feb 02 20:53:30.145604 2025] [:error] [pid 13616:tid 1356] [client ::1:64799] PHP   8. WP_Hook->apply_filters() E:\\TEMPLATES\\UwAmp\\www\\wordpress-6.4.5\\wordpress\\wp-includes\\class-wp-hook.php:348
[Sun Feb 02 20:53:30.145604 2025] [:error] [pid 13616:tid 1356] [client ::1:64799] PHP   9. wp_maybe_auto_update() E:\\TEMPLATES\\UwAmp\\www\\wordpress-6.4.5\\wordpress\\wp-includes\\class-wp-hook.php:324
[Sun Feb 02 20:53:30.145604 2025] [:error] [pid 13616:tid 1356] [client ::1:64799] PHP  10. WP_Automatic_Updater->run() E:\\TEMPLATES\\UwAmp\\www\\wordpress-6.4.5\\wordpress\\wp-includes\\update.php:852
[Sun Feb 02 20:53:30.145604 2025] [:error] [pid 13616:tid 1356] [client ::1:64799] PHP  11. WP_Automatic_Updater->update() E:\\TEMPLATES\\UwAmp\\www\\wordpress-6.4.5\\wordpress\\wp-admin\\includes\\class-wp-automatic-updater.php:550
[Sun Feb 02 20:53:30.145604 2025] [:error] [pid 13616:tid 1356] [client ::1:64799] PHP  12. Core_Upgrader->upgrade() E:\\TEMPLATES\\UwAmp\\www\\wordpress-6.4.5\\wordpress\\wp-admin\\includes\\class-wp-automatic-updater.php:459
[Sun Feb 02 20:53:30.145604 2025] [:error] [pid 13616:tid 1356] [client ::1:64799] PHP  13. WP_Upgrader->unpack_package() E:\\TEMPLATES\\UwAmp\\www\\wordpress-6.4.5\\wordpress\\wp-admin\\includes\\class-core-upgrader.php:152
[Sun Feb 02 20:53:30.145604 2025] [:error] [pid 13616:tid 1356] [client ::1:64799] PHP  14. unzip_file() E:\\TEMPLATES\\UwAmp\\www\\wordpress-6.4.5\\wordpress\\wp-admin\\includes\\class-wp-upgrader.php:382
[Sun Feb 02 20:53:30.145604 2025] [:error] [pid 13616:tid 1356] [client ::1:64799] PHP  15. _unzip_file_ziparchive() E:\\TEMPLATES\\UwAmp\\www\\wordpress-6.4.5\\wordpress\\wp-admin\\includes\\file.php:1657
[Sun Feb 02 20:53:30.145604 2025] [:error] [pid 13616:tid 1356] [client ::1:64799] PHP  16. WP_Filesystem_Direct->put_contents() E:\\TEMPLATES\\UwAmp\\www\\wordpress-6.4.5\\wordpress\\wp-admin\\includes\\file.php:1835
[Mon Feb 03 08:17:31.341942 2025] [ssl:warn] [pid 30168:tid 740] AH01906: main-serveur:443:0 server certificate is a CA certificate (BasicConstraints: CA == TRUE !?)
[Mon Feb 03 08:17:31.341942 2025] [ssl:warn] [pid 30168:tid 740] AH01909: main-serveur:443:0 server certificate does NOT include an ID which matches the server name
[Mon Feb 03 08:17:31.364075 2025] [core:warn] [pid 30168:tid 740] AH00098: pid file D:/UwAmp/bin/apache/logs/httpd.pid overwritten -- Unclean shutdown of previous Apache run?
[Mon Feb 03 08:17:31.464406 2025] [ssl:warn] [pid 30168:tid 740] AH01873: Init: Session Cache is not configured [hint: SSLSessionCache]
[Mon Feb 03 08:17:31.464406 2025] [ssl:warn] [pid 30168:tid 740] AH01906: main-serveur:443:0 server certificate is a CA certificate (BasicConstraints: CA == TRUE !?)
[Mon Feb 03 08:17:31.464406 2025] [ssl:warn] [pid 30168:tid 740] AH01909: main-serveur:443:0 server certificate does NOT include an ID which matches the server name
[Mon Feb 03 08:17:31.976368 2025] [mpm_winnt:notice] [pid 30168:tid 740] AH00455: Apache/2.4.18 (Win32) OpenSSL/1.0.2f PHP/7.0.3 configured -- resuming normal operations
[Mon Feb 03 08:17:31.976368 2025] [mpm_winnt:notice] [pid 30168:tid 740] AH00456: Server built: Jan 28 2016 09:58:25
[Mon Feb 03 08:17:31.976368 2025] [core:notice] [pid 30168:tid 740] AH00094: Command line: 'D:\\UwAmp\\bin\\apache\\bin\\httpd.exe -d D:/UwAmp/bin/apache -f D:\\UwAmp\\bin\\apache\\conf\\httpd.conf'
[Mon Feb 03 08:17:31.976368 2025] [mpm_winnt:notice] [pid 30168:tid 740] AH00418: Parent: Created child process 21920
[Mon Feb 03 08:17:32.626467 2025] [ssl:warn] [pid 21920:tid 752] AH01906: main-serveur:443:0 server certificate is a CA certificate (BasicConstraints: CA == TRUE !?)
[Mon Feb 03 08:17:32.626467 2025] [ssl:warn] [pid 21920:tid 752] AH01909: main-serveur:443:0 server certificate does NOT include an ID which matches the server name
[Mon Feb 03 08:17:32.701514 2025] [ssl:warn] [pid 21920:tid 752] AH01873: Init: Session Cache is not configured [hint: SSLSessionCache]
[Mon Feb 03 08:17:32.701514 2025] [ssl:warn] [pid 21920:tid 752] AH01906: main-serveur:443:0 server certificate is a CA certificate (BasicConstraints: CA == TRUE !?)
[Mon Feb 03 08:17:32.701514 2025] [ssl:warn] [pid 21920:tid 752] AH01909: main-serveur:443:0 server certificate does NOT include an ID which matches the server name
[Mon Feb 03 08:17:32.732752 2025] [mpm_winnt:notice] [pid 21920:tid 752] AH00354: Child: Starting 64 worker threads.
[Mon Feb 03 09:05:01.911864 2025] [:error] [pid 21920:tid 1424] [client ::1:64698] PHP Fatal error:  Maximum execution time of 30 seconds exceeded in D:\\UwAmp\\www\\wordpress-6.4.5\\wordpress\\wp-admin\\includes\\class-wp-filesystem-direct.php on line 80
[Mon Feb 03 09:05:01.911864 2025] [:error] [pid 21920:tid 1424] [client ::1:64698] PHP Stack trace:
[Mon Feb 03 09:05:01.911864 2025] [:error] [pid 21920:tid 1424] [client ::1:64698] PHP   1. {main}() D:\\UwAmp\\www\\wordpress-6.4.5\\wordpress\\wp-cron.php:0
[Mon Feb 03 09:05:01.911864 2025] [:error] [pid 21920:tid 1424] [client ::1:64698] PHP   2. do_action_ref_array() D:\\UwAmp\\www\\wordpress-6.4.5\\wordpress\\wp-cron.php:191
[Mon Feb 03 09:05:01.911864 2025] [:error] [pid 21920:tid 1424] [client ::1:64698] PHP   3. WP_Hook->do_action() D:\\UwAmp\\www\\wordpress-6.4.5\\wordpress\\wp-includes\\plugin.php:565
[Mon Feb 03 09:05:01.911864 2025] [:error] [pid 21920:tid 1424] [client ::1:64698] PHP   4. WP_Hook->apply_filters() D:\\UwAmp\\www\\wordpress-6.4.5\\wordpress\\wp-includes\\class-wp-hook.php:348
[Mon Feb 03 09:05:01.911864 2025] [:error] [pid 21920:tid 1424] [client ::1:64698] PHP   5. wp_version_check() D:\\UwAmp\\www\\wordpress-6.4.5\\wordpress\\wp-includes\\class-wp-hook.php:324
[Mon Feb 03 09:05:01.911864 2025] [:error] [pid 21920:tid 1424] [client ::1:64698] PHP   6. do_action() D:\\UwAmp\\www\\wordpress-6.4.5\\wordpress\\wp-includes\\update.php:292
[Mon Feb 03 09:05:01.911864 2025] [:error] [pid 21920:tid 1424] [client ::1:64698] PHP   7. WP_Hook->do_action() D:\\UwAmp\\www\\wordpress-6.4.5\\wordpress\\wp-includes\\plugin.php:517
[Mon Feb 03 09:05:01.911864 2025] [:error] [pid 21920:tid 1424] [client ::1:64698] PHP   8. WP_Hook->apply_filters() D:\\UwAmp\\www\\wordpress-6.4.5\\wordpress\\wp-includes\\class-wp-hook.php:348
[Mon Feb 03 09:05:01.911864 2025] [:error] [pid 21920:tid 1424] [client ::1:64698] PHP   9. wp_maybe_auto_update() D:\\UwAmp\\www\\wordpress-6.4.5\\wordpress\\wp-includes\\class-wp-hook.php:324
[Mon Feb 03 09:05:01.911864 2025] [:error] [pid 21920:tid 1424] [client ::1:64698] PHP  10. WP_Automatic_Updater->run() D:\\UwAmp\\www\\wordpress-6.4.5\\wordpress\\wp-includes\\update.php:852
[Mon Feb 03 09:05:01.911864 2025] [:error] [pid 21920:tid 1424] [client ::1:64698] PHP  11. WP_Automatic_Updater->update() D:\\UwAmp\\www\\wordpress-6.4.5\\wordpress\\wp-admin\\includes\\class-wp-automatic-updater.php:550
[Mon Feb 03 09:05:01.911864 2025] [:error] [pid 21920:tid 1424] [client ::1:64698] PHP  12. Core_Upgrader->upgrade() D:\\UwAmp\\www\\wordpress-6.4.5\\wordpress\\wp-admin\\includes\\class-wp-automatic-updater.php:459
[Mon Feb 03 09:05:01.911864 2025] [:error] [pid 21920:tid 1424] [client ::1:64698] PHP  13. WP_Upgrader->unpack_package() D:\\UwAmp\\www\\wordpress-6.4.5\\wordpress\\wp-admin\\includes\\class-core-upgrader.php:152
[Mon Feb 03 09:05:01.911864 2025] [:error] [pid 21920:tid 1424] [client ::1:64698] PHP  14. unzip_file() D:\\UwAmp\\www\\wordpress-6.4.5\\wordpress\\wp-admin\\includes\\class-wp-upgrader.php:382
[Mon Feb 03 09:05:01.911864 2025] [:error] [pid 21920:tid 1424] [client ::1:64698] PHP  15. _unzip_file_ziparchive() D:\\UwAmp\\www\\wordpress-6.4.5\\wordpress\\wp-admin\\includes\\file.php:1657
[Mon Feb 03 09:05:01.911864 2025] [:error] [pid 21920:tid 1424] [client ::1:64698] PHP  16. WP_Filesystem_Direct->put_contents() D:\\UwAmp\\www\\wordpress-6.4.5\\wordpress\\wp-admin\\includes\\file.php:1835
[Mon Feb 03 09:06:23.207677 2025] [mpm_winnt:crit] [pid 21920:tid 752] AH02538: Child: Parent process exited abruptly. Child process is ending
[Mon Feb 24 08:16:46.201979 2025] [ssl:warn] [pid 30280:tid 716] AH01906: main-serveur:443:0 server certificate is a CA certificate (BasicConstraints: CA == TRUE !?)
[Mon Feb 24 08:16:46.201979 2025] [ssl:warn] [pid 30280:tid 716] AH01909: main-serveur:443:0 server certificate does NOT include an ID which matches the server name
[Mon Feb 24 08:16:46.233188 2025] [core:warn] [pid 30280:tid 716] AH00098: pid file D:/UwAmp/bin/apache/logs/httpd.pid overwritten -- Unclean shutdown of previous Apache run?
[Mon Feb 24 08:16:46.295716 2025] [ssl:warn] [pid 30280:tid 716] AH01873: Init: Session Cache is not configured [hint: SSLSessionCache]
[Mon Feb 24 08:16:46.295716 2025] [ssl:warn] [pid 30280:tid 716] AH01906: main-serveur:443:0 server certificate is a CA certificate (BasicConstraints: CA == TRUE !?)
[Mon Feb 24 08:16:46.295716 2025] [ssl:warn] [pid 30280:tid 716] AH01909: main-serveur:443:0 server certificate does NOT include an ID which matches the server name
[Mon Feb 24 08:16:48.104771 2025] [mpm_winnt:notice] [pid 30280:tid 716] AH00455: Apache/2.4.18 (Win32) OpenSSL/1.0.2f PHP/7.0.3 configured -- resuming normal operations
[Mon Feb 24 08:16:48.104771 2025] [mpm_winnt:notice] [pid 30280:tid 716] AH00456: Server built: Jan 28 2016 09:58:25
[Mon Feb 24 08:16:48.104771 2025] [core:notice] [pid 30280:tid 716] AH00094: Command line: 'D:\\UwAmp\\bin\\apache\\bin\\httpd.exe -d D:/UwAmp/bin/apache -f D:\\UwAmp\\bin\\apache\\conf\\httpd.conf'
[Mon Feb 24 08:16:48.104771 2025] [mpm_winnt:notice] [pid 30280:tid 716] AH00418: Parent: Created child process 18604
[Mon Feb 24 08:16:48.736567 2025] [ssl:warn] [pid 18604:tid 724] AH01906: main-serveur:443:0 server certificate is a CA certificate (BasicConstraints: CA == TRUE !?)
[Mon Feb 24 08:16:48.736567 2025] [ssl:warn] [pid 18604:tid 724] AH01909: main-serveur:443:0 server certificate does NOT include an ID which matches the server name
[Mon Feb 24 08:16:48.799066 2025] [ssl:warn] [pid 18604:tid 724] AH01873: Init: Session Cache is not configured [hint: SSLSessionCache]
[Mon Feb 24 08:16:48.799066 2025] [ssl:warn] [pid 18604:tid 724] AH01906: main-serveur:443:0 server certificate is a CA certificate (BasicConstraints: CA == TRUE !?)
[Mon Feb 24 08:16:48.799066 2025] [ssl:warn] [pid 18604:tid 724] AH01909: main-serveur:443:0 server certificate does NOT include an ID which matches the server name
[Mon Feb 24 08:16:48.830288 2025] [mpm_winnt:notice] [pid 18604:tid 724] AH00354: Child: Starting 64 worker threads.
[Mon Feb 24 08:20:42.782272 2025] [ssl:warn] [pid 23824:tid 708] AH01906: main-serveur:443:0 server certificate is a CA certificate (BasicConstraints: CA == TRUE !?)
[Mon Feb 24 08:20:42.782272 2025] [ssl:warn] [pid 23824:tid 708] AH01909: main-serveur:443:0 server certificate does NOT include an ID which matches the server name
[Mon Feb 24 08:20:42.797898 2025] [core:warn] [pid 23824:tid 708] AH00098: pid file D:/UwAmp/bin/apache/logs/httpd.pid overwritten -- Unclean shutdown of previous Apache run?
[Mon Feb 24 08:20:42.860371 2025] [ssl:warn] [pid 23824:tid 708] AH01873: Init: Session Cache is not configured [hint: SSLSessionCache]
[Mon Feb 24 08:20:42.860371 2025] [ssl:warn] [pid 23824:tid 708] AH01906: main-serveur:443:0 server certificate is a CA certificate (BasicConstraints: CA == TRUE !?)
[Mon Feb 24 08:20:42.860371 2025] [ssl:warn] [pid 23824:tid 708] AH01909: main-serveur:443:0 server certificate does NOT include an ID which matches the server name
[Mon Feb 24 08:20:43.345961 2025] [mpm_winnt:notice] [pid 23824:tid 708] AH00455: Apache/2.4.18 (Win32) OpenSSL/1.0.2f PHP/7.0.3 configured -- resuming normal operations
[Mon Feb 24 08:20:43.345961 2025] [mpm_winnt:notice] [pid 23824:tid 708] AH00456: Server built: Jan 28 2016 09:58:25
[Mon Feb 24 08:20:43.345961 2025] [core:notice] [pid 23824:tid 708] AH00094: Command line: 'D:\\UwAmp\\bin\\apache\\bin\\httpd.exe -d D:/UwAmp/bin/apache -f D:\\UwAmp\\bin\\apache\\conf\\httpd.conf'
[Mon Feb 24 08:20:43.361565 2025] [mpm_winnt:notice] [pid 23824:tid 708] AH00418: Parent: Created child process 10904
[Mon Feb 24 08:20:43.938430 2025] [ssl:warn] [pid 10904:tid 720] AH01906: main-serveur:443:0 server certificate is a CA certificate (BasicConstraints: CA == TRUE !?)
[Mon Feb 24 08:20:43.938430 2025] [ssl:warn] [pid 10904:tid 720] AH01909: main-serveur:443:0 server certificate does NOT include an ID which matches the server name
[Mon Feb 24 08:20:44.007440 2025] [ssl:warn] [pid 10904:tid 720] AH01873: Init: Session Cache is not configured [hint: SSLSessionCache]
[Mon Feb 24 08:20:44.007440 2025] [ssl:warn] [pid 10904:tid 720] AH01906: main-serveur:443:0 server certificate is a CA certificate (BasicConstraints: CA == TRUE !?)
[Mon Feb 24 08:20:44.007440 2025] [ssl:warn] [pid 10904:tid 720] AH01909: main-serveur:443:0 server certificate does NOT include an ID which matches the server name
[Mon Feb 24 08:20:44.038635 2025] [mpm_winnt:notice] [pid 10904:tid 720] AH00354: Child: Starting 64 worker threads.
[Mon Feb 24 08:22:07.920915 2025] [mpm_winnt:crit] [pid 10904:tid 720] AH02538: Child: Parent process exited abruptly. Child process is ending
[Mon Feb 24 08:22:13.686896 2025] [ssl:warn] [pid 36552:tid 708] AH01906: main-serveur:443:0 server certificate is a CA certificate (BasicConstraints: CA == TRUE !?)
[Mon Feb 24 08:22:13.686896 2025] [ssl:warn] [pid 36552:tid 708] AH01909: main-serveur:443:0 server certificate does NOT include an ID which matches the server name
[Mon Feb 24 08:22:13.702484 2025] [core:warn] [pid 36552:tid 708] AH00098: pid file D:/UwAmp/bin/apache/logs/httpd.pid overwritten -- Unclean shutdown of previous Apache run?
[Mon Feb 24 08:22:13.755907 2025] [ssl:warn] [pid 36552:tid 708] AH01873: Init: Session Cache is not configured [hint: SSLSessionCache]
[Mon Feb 24 08:22:13.755907 2025] [ssl:warn] [pid 36552:tid 708] AH01906: main-serveur:443:0 server certificate is a CA certificate (BasicConstraints: CA == TRUE !?)
[Mon Feb 24 08:22:13.755907 2025] [ssl:warn] [pid 36552:tid 708] AH01909: main-serveur:443:0 server certificate does NOT include an ID which matches the server name
[Mon Feb 24 08:22:13.787104 2025] [mpm_winnt:notice] [pid 36552:tid 708] AH00455: Apache/2.4.18 (Win32) OpenSSL/1.0.2f PHP/7.0.3 configured -- resuming normal operations
[Mon Feb 24 08:22:13.787104 2025] [mpm_winnt:notice] [pid 36552:tid 708] AH00456: Server built: Jan 28 2016 09:58:25
[Mon Feb 24 08:22:13.787104 2025] [core:notice] [pid 36552:tid 708] AH00094: Command line: 'D:\\UwAmp\\bin\\apache\\bin\\httpd.exe -d D:/UwAmp/bin/apache -f D:\\UwAmp\\bin\\apache\\conf\\httpd.conf'
[Mon Feb 24 08:22:13.787104 2025] [mpm_winnt:notice] [pid 36552:tid 708] AH00418: Parent: Created child process 28912
[Mon Feb 24 08:22:14.383105 2025] [ssl:warn] [pid 28912:tid 720] AH01906: main-serveur:443:0 server certificate is a CA certificate (BasicConstraints: CA == TRUE !?)
[Mon Feb 24 08:22:14.383105 2025] [ssl:warn] [pid 28912:tid 720] AH01909: main-serveur:443:0 server certificate does NOT include an ID which matches the server name
[Mon Feb 24 08:22:14.452124 2025] [ssl:warn] [pid 28912:tid 720] AH01873: Init: Session Cache is not configured [hint: SSLSessionCache]
[Mon Feb 24 08:22:14.467745 2025] [ssl:warn] [pid 28912:tid 720] AH01906: main-serveur:443:0 server certificate is a CA certificate (BasicConstraints: CA == TRUE !?)
[Mon Feb 24 08:22:14.467745 2025] [ssl:warn] [pid 28912:tid 720] AH01909: main-serveur:443:0 server certificate does NOT include an ID which matches the server name
[Mon Feb 24 08:22:14.483319 2025] [mpm_winnt:notice] [pid 28912:tid 720] AH00354: Child: Starting 64 worker threads.
[Mon Feb 24 08:24:10.762540 2025] [:error] [pid 28912:tid 1428] [client ::1:58062] PHP Fatal error:  Maximum execution time of 30 seconds exceeded in D:\\UwAmp\\www\\wordpress-6.4.5\\wordpress\\wp-includes\\Requests\\src\\Transport\\Curl.php on line 204
[Mon Feb 24 08:24:10.762540 2025] [:error] [pid 28912:tid 1428] [client ::1:58062] PHP Stack trace:
[Mon Feb 24 08:24:10.762540 2025] [:error] [pid 28912:tid 1428] [client ::1:58062] PHP   1. {main}() D:\\UwAmp\\www\\wordpress-6.4.5\\wordpress\\wp-cron.php:0
[Mon Feb 24 08:24:10.762540 2025] [:error] [pid 28912:tid 1428] [client ::1:58062] PHP   2. do_action_ref_array() D:\\UwAmp\\www\\wordpress-6.4.5\\wordpress\\wp-cron.php:191
[Mon Feb 24 08:24:10.762540 2025] [:error] [pid 28912:tid 1428] [client ::1:58062] PHP   3. WP_Hook->do_action() D:\\UwAmp\\www\\wordpress-6.4.5\\wordpress\\wp-includes\\plugin.php:565
[Mon Feb 24 08:24:10.762540 2025] [:error] [pid 28912:tid 1428] [client ::1:58062] PHP   4. WP_Hook->apply_filters() D:\\UwAmp\\www\\wordpress-6.4.5\\wordpress\\wp-includes\\class-wp-hook.php:348
[Mon Feb 24 08:24:10.762540 2025] [:error] [pid 28912:tid 1428] [client ::1:58062] PHP   5. wp_version_check() D:\\UwAmp\\www\\wordpress-6.4.5\\wordpress\\wp-includes\\class-wp-hook.php:324
[Mon Feb 24 08:24:10.762540 2025] [:error] [pid 28912:tid 1428] [client ::1:58062] PHP   6. wp_remote_post() D:\\UwAmp\\www\\wordpress-6.4.5\\wordpress\\wp-includes\\update.php:202
[Mon Feb 24 08:24:10.762540 2025] [:error] [pid 28912:tid 1428] [client ::1:58062] PHP   7. WP_Http->post() D:\\UwAmp\\www\\wordpress-6.4.5\\wordpress\\wp-includes\\http.php:186
[Mon Feb 24 08:24:10.762540 2025] [:error] [pid 28912:tid 1428] [client ::1:58062] PHP   8. WP_Http->request() D:\\UwAmp\\www\\wordpress-6.4.5\\wordpress\\wp-includes\\class-wp-http.php:619
[Mon Feb 24 08:24:10.762540 2025] [:error] [pid 28912:tid 1428] [client ::1:58062] PHP   9. WpOrg\\Requests\\Requests::request() D:\\UwAmp\\www\\wordpress-6.4.5\\wordpress\\wp-includes\\class-wp-http.php:396
[Mon Feb 24 08:24:10.762540 2025] [:error] [pid 28912:tid 1428] [client ::1:58062] PHP  10. WpOrg\\Requests\\Transport\\Curl->request() D:\\UwAmp\\www\\wordpress-6.4.5\\wordpress\\wp-includes\\Requests\\src\\Requests.php:469
[Mon Feb 24 08:44:02.610178 2025] [ssl:warn] [pid 27152:tid 752] AH01906: main-serveur:443:0 server certificate is a CA certificate (BasicConstraints: CA == TRUE !?)
[Mon Feb 24 08:44:02.610178 2025] [ssl:warn] [pid 27152:tid 752] AH01909: main-serveur:443:0 server certificate does NOT include an ID which matches the server name
[Mon Feb 24 08:44:02.632343 2025] [core:warn] [pid 27152:tid 752] AH00098: pid file C:/Users/pe40boh/Documents/GitHub/Scrum-vente/UwAmp/bin/apache/logs/httpd.pid overwritten -- Unclean shutdown of previous Apache run?
[Mon Feb 24 08:44:02.694850 2025] [ssl:warn] [pid 27152:tid 752] AH01873: Init: Session Cache is not configured [hint: SSLSessionCache]
[Mon Feb 24 08:44:02.694850 2025] [ssl:warn] [pid 27152:tid 752] AH01906: main-serveur:443:0 server certificate is a CA certificate (BasicConstraints: CA == TRUE !?)
[Mon Feb 24 08:44:02.694850 2025] [ssl:warn] [pid 27152:tid 752] AH01909: main-serveur:443:0 server certificate does NOT include an ID which matches the server name
[Mon Feb 24 08:44:03.327444 2025] [mpm_winnt:notice] [pid 27152:tid 752] AH00455: Apache/2.4.18 (Win32) OpenSSL/1.0.2f PHP/7.0.3 configured -- resuming normal operations
[Mon Feb 24 08:44:03.327444 2025] [mpm_winnt:notice] [pid 27152:tid 752] AH00456: Server built: Jan 28 2016 09:58:25
[Mon Feb 24 08:44:03.327444 2025] [core:notice] [pid 27152:tid 752] AH00094: Command line: 'C:\\Users\\pe40boh\\Documents\\GitHub\\Scrum-vente\\UwAmp\\bin\\apache\\bin\\httpd.exe -d C:/Users/pe40boh/Documents/GitHub/Scrum-vente/UwAmp/bin/apache -f C:\\Users\\pe40boh\\Documents\\GitHub\\Scrum-vente\\UwAmp\\bin\\apache\\conf\\httpd.conf'
[Mon Feb 24 08:44:03.327444 2025] [mpm_winnt:notice] [pid 27152:tid 752] AH00418: Parent: Created child process 7256
[Mon Feb 24 08:44:03.772397 2025] [ssl:warn] [pid 7256:tid 664] AH01906: main-serveur:443:0 server certificate is a CA certificate (BasicConstraints: CA == TRUE !?)
[Mon Feb 24 08:44:03.772397 2025] [ssl:warn] [pid 7256:tid 664] AH01909: main-serveur:443:0 server certificate does NOT include an ID which matches the server name
[Mon Feb 24 08:44:03.843837 2025] [ssl:warn] [pid 7256:tid 664] AH01873: Init: Session Cache is not configured [hint: SSLSessionCache]
[Mon Feb 24 08:44:03.843837 2025] [ssl:warn] [pid 7256:tid 664] AH01906: main-serveur:443:0 server certificate is a CA certificate (BasicConstraints: CA == TRUE !?)
[Mon Feb 24 08:44:03.843837 2025] [ssl:warn] [pid 7256:tid 664] AH01909: main-serveur:443:0 server certificate does NOT include an ID which matches the server name
[Mon Feb 24 08:44:03.870379 2025] [mpm_winnt:notice] [pid 7256:tid 664] AH00354: Child: Starting 64 worker threads.
[Mon Feb 24 08:44:58.363058 2025] [mpm_winnt:crit] [pid 7256:tid 664] AH02538: Child: Parent process exited abruptly. Child process is ending
[Mon Feb 24 08:44:58.363058 2025] [mpm_winnt:warn] [pid 7256:tid 1508] (OS 995)L’opération d’entrée/sortie a été abandonnée en raison de l’arrêt d’un thread ou à la demande d’une application.  : AH00341: winnt_accept: Asynchronous AcceptEx failed.
[Mon Feb 24 08:44:58.363058 2025] [mpm_winnt:warn] [pid 7256:tid 1520] (OS 995)L’opération d’entrée/sortie a été abandonnée en raison de l’arrêt d’un thread ou à la demande d’une application.  : AH00341: winnt_accept: Asynchronous AcceptEx failed.
[Mon Feb 24 08:44:58.363058 2025] [mpm_winnt:warn] [pid 7256:tid 856] (OS 995)L’opération d’entrée/sortie a été abandonnée en raison de l’arrêt d’un thread ou à la demande d’une application.  : AH00341: winnt_accept: Asynchronous AcceptEx failed.
[Mon Feb 24 08:44:58.363058 2025] [mpm_winnt:warn] [pid 7256:tid 868] (OS 995)L’opération d’entrée/sortie a été abandonnée en raison de l’arrêt d’un thread ou à la demande d’une application.  : AH00341: winnt_accept: Asynchronous AcceptEx failed.
[Mon Feb 24 08:45:52.656191 2025] [ssl:warn] [pid 8624:tid 788] AH01906: main-serveur:443:0 server certificate is a CA certificate (BasicConstraints: CA == TRUE !?)
[Mon Feb 24 08:45:52.656191 2025] [ssl:warn] [pid 8624:tid 788] AH01909: main-serveur:443:0 server certificate does NOT include an ID which matches the server name
[Mon Feb 24 08:45:52.671838 2025] [core:warn] [pid 8624:tid 788] AH00098: pid file C:/Users/pe40boh/Documents/GitHub/Scrum-vente/UwAmp/bin/apache/logs/httpd.pid overwritten -- Unclean shutdown of previous Apache run?
[Mon Feb 24 08:45:52.725186 2025] [ssl:warn] [pid 8624:tid 788] AH01873: Init: Session Cache is not configured [hint: SSLSessionCache]
[Mon Feb 24 08:45:52.740799 2025] [ssl:warn] [pid 8624:tid 788] AH01906: main-serveur:443:0 server certificate is a CA certificate (BasicConstraints: CA == TRUE !?)
[Mon Feb 24 08:45:52.740799 2025] [ssl:warn] [pid 8624:tid 788] AH01909: main-serveur:443:0 server certificate does NOT include an ID which matches the server name
[Mon Feb 24 08:45:52.756424 2025] [mpm_winnt:notice] [pid 8624:tid 788] AH00455: Apache/2.4.18 (Win32) OpenSSL/1.0.2f PHP/7.0.3 configured -- resuming normal operations
[Mon Feb 24 08:45:52.756424 2025] [mpm_winnt:notice] [pid 8624:tid 788] AH00456: Server built: Jan 28 2016 09:58:25
[Mon Feb 24 08:45:52.756424 2025] [core:notice] [pid 8624:tid 788] AH00094: Command line: 'C:\\Users\\pe40boh\\Documents\\GitHub\\Scrum-vente\\UwAmp\\bin\\apache\\bin\\httpd.exe -d C:/Users/pe40boh/Documents/GitHub/Scrum-vente/UwAmp/bin/apache -f C:\\Users\\pe40boh\\Documents\\GitHub\\Scrum-vente\\UwAmp\\bin\\apache\\conf\\httpd.conf'
[Mon Feb 24 08:45:52.756424 2025] [mpm_winnt:notice] [pid 8624:tid 788] AH00418: Parent: Created child process 17328
[Mon Feb 24 08:45:53.187596 2025] [ssl:warn] [pid 17328:tid 744] AH01906: main-serveur:443:0 server certificate is a CA certificate (BasicConstraints: CA == TRUE !?)
[Mon Feb 24 08:45:53.187596 2025] [ssl:warn] [pid 17328:tid 744] AH01909: main-serveur:443:0 server certificate does NOT include an ID which matches the server name
[Mon Feb 24 08:45:53.265780 2025] [ssl:warn] [pid 17328:tid 744] AH01873: Init: Session Cache is not configured [hint: SSLSessionCache]
[Mon Feb 24 08:45:53.265780 2025] [ssl:warn] [pid 17328:tid 744] AH01906: main-serveur:443:0 server certificate is a CA certificate (BasicConstraints: CA == TRUE !?)
[Mon Feb 24 08:45:53.265780 2025] [ssl:warn] [pid 17328:tid 744] AH01909: main-serveur:443:0 server certificate does NOT include an ID which matches the server name
[Mon Feb 24 08:45:53.281384 2025] [mpm_winnt:notice] [pid 17328:tid 744] AH00354: Child: Starting 64 worker threads.
[Mon Feb 24 08:55:56.530459 2025] [core:error] [pid 17328:tid 1508] (20024)The given path is misformatted or contained invalid characters: [client ::1:58003] AH00127: Cannot map GET /wordpress-6.4.5/wordpress/:8000 HTTP/1.1 to file
<<<<<<< HEAD
[Mon Feb 24 10:44:34.973925 2025] [ssl:warn] [pid 15492:tid 668] AH01906: main-serveur:443:0 server certificate is a CA certificate (BasicConstraints: CA == TRUE !?)
[Mon Feb 24 10:44:34.974926 2025] [ssl:warn] [pid 15492:tid 668] AH01909: main-serveur:443:0 server certificate does NOT include an ID which matches the server name
[Mon Feb 24 10:44:35.003893 2025] [core:warn] [pid 15492:tid 668] AH00098: pid file C:/Users/pp10xia/Documents/GitHub/Scrum-vente/UwAmp/bin/apache/logs/httpd.pid overwritten -- Unclean shutdown of previous Apache run?
[Mon Feb 24 10:44:35.062924 2025] [ssl:warn] [pid 15492:tid 668] AH01873: Init: Session Cache is not configured [hint: SSLSessionCache]
[Mon Feb 24 10:44:35.062924 2025] [ssl:warn] [pid 15492:tid 668] AH01906: main-serveur:443:0 server certificate is a CA certificate (BasicConstraints: CA == TRUE !?)
[Mon Feb 24 10:44:35.062924 2025] [ssl:warn] [pid 15492:tid 668] AH01909: main-serveur:443:0 server certificate does NOT include an ID which matches the server name
[Mon Feb 24 10:44:35.586928 2025] [mpm_winnt:notice] [pid 15492:tid 668] AH00455: Apache/2.4.18 (Win32) OpenSSL/1.0.2f PHP/7.0.3 configured -- resuming normal operations
[Mon Feb 24 10:44:35.586928 2025] [mpm_winnt:notice] [pid 15492:tid 668] AH00456: Server built: Jan 28 2016 09:58:25
[Mon Feb 24 10:44:35.586928 2025] [core:notice] [pid 15492:tid 668] AH00094: Command line: 'C:\\Users\\pp10xia\\Documents\\GitHub\\Scrum-vente\\UwAmp\\bin\\apache\\bin\\httpd.exe -d C:/Users/pp10xia/Documents/GitHub/Scrum-vente/UwAmp/bin/apache -f C:\\Users\\pp10xia\\Documents\\GitHub\\Scrum-vente\\UwAmp\\bin\\apache\\conf\\httpd.conf'
[Mon Feb 24 10:44:35.589896 2025] [mpm_winnt:notice] [pid 15492:tid 668] AH00418: Parent: Created child process 1348
[Mon Feb 24 10:44:36.225169 2025] [ssl:warn] [pid 1348:tid 380] AH01906: main-serveur:443:0 server certificate is a CA certificate (BasicConstraints: CA == TRUE !?)
[Mon Feb 24 10:44:36.225169 2025] [ssl:warn] [pid 1348:tid 380] AH01909: main-serveur:443:0 server certificate does NOT include an ID which matches the server name
[Mon Feb 24 10:44:36.302163 2025] [ssl:warn] [pid 1348:tid 380] AH01873: Init: Session Cache is not configured [hint: SSLSessionCache]
[Mon Feb 24 10:44:36.303173 2025] [ssl:warn] [pid 1348:tid 380] AH01906: main-serveur:443:0 server certificate is a CA certificate (BasicConstraints: CA == TRUE !?)
[Mon Feb 24 10:44:36.303173 2025] [ssl:warn] [pid 1348:tid 380] AH01909: main-serveur:443:0 server certificate does NOT include an ID which matches the server name
[Mon Feb 24 10:44:36.324134 2025] [mpm_winnt:notice] [pid 1348:tid 380] AH00354: Child: Starting 64 worker threads.
=======
[Mon Feb 24 09:33:45.009356 2025] [ssl:warn] [pid 32108:tid 736] AH01906: main-serveur:443:0 server certificate is a CA certificate (BasicConstraints: CA == TRUE !?)
[Mon Feb 24 09:33:45.010356 2025] [ssl:warn] [pid 32108:tid 736] AH01909: main-serveur:443:0 server certificate does NOT include an ID which matches the server name
[Mon Feb 24 09:33:45.042358 2025] [core:warn] [pid 32108:tid 736] AH00098: pid file C:/Users/pp10xia/Documents/GitHub/Scrum-vente/UwAmp/bin/apache/logs/httpd.pid overwritten -- Unclean shutdown of previous Apache run?
[Mon Feb 24 09:33:45.108364 2025] [ssl:warn] [pid 32108:tid 736] AH01873: Init: Session Cache is not configured [hint: SSLSessionCache]
[Mon Feb 24 09:33:45.109361 2025] [ssl:warn] [pid 32108:tid 736] AH01906: main-serveur:443:0 server certificate is a CA certificate (BasicConstraints: CA == TRUE !?)
[Mon Feb 24 09:33:45.109361 2025] [ssl:warn] [pid 32108:tid 736] AH01909: main-serveur:443:0 server certificate does NOT include an ID which matches the server name
[Mon Feb 24 09:33:45.706390 2025] [mpm_winnt:notice] [pid 32108:tid 736] AH00455: Apache/2.4.18 (Win32) OpenSSL/1.0.2f PHP/7.0.3 configured -- resuming normal operations
[Mon Feb 24 09:33:45.706390 2025] [mpm_winnt:notice] [pid 32108:tid 736] AH00456: Server built: Jan 28 2016 09:58:25
[Mon Feb 24 09:33:45.706390 2025] [core:notice] [pid 32108:tid 736] AH00094: Command line: 'C:\\Users\\pp10xia\\Documents\\GitHub\\Scrum-vente\\UwAmp\\bin\\apache\\bin\\httpd.exe -d C:/Users/pp10xia/Documents/GitHub/Scrum-vente/UwAmp/bin/apache -f C:\\Users\\pp10xia\\Documents\\GitHub\\Scrum-vente\\UwAmp\\bin\\apache\\conf\\httpd.conf'
[Mon Feb 24 09:33:45.711362 2025] [mpm_winnt:notice] [pid 32108:tid 736] AH00418: Parent: Created child process 11696
[Mon Feb 24 09:33:46.335569 2025] [ssl:warn] [pid 11696:tid 752] AH01906: main-serveur:443:0 server certificate is a CA certificate (BasicConstraints: CA == TRUE !?)
[Mon Feb 24 09:33:46.336559 2025] [ssl:warn] [pid 11696:tid 752] AH01909: main-serveur:443:0 server certificate does NOT include an ID which matches the server name
[Mon Feb 24 09:33:46.417531 2025] [ssl:warn] [pid 11696:tid 752] AH01873: Init: Session Cache is not configured [hint: SSLSessionCache]
[Mon Feb 24 09:33:46.418541 2025] [ssl:warn] [pid 11696:tid 752] AH01906: main-serveur:443:0 server certificate is a CA certificate (BasicConstraints: CA == TRUE !?)
[Mon Feb 24 09:33:46.418541 2025] [ssl:warn] [pid 11696:tid 752] AH01909: main-serveur:443:0 server certificate does NOT include an ID which matches the server name
[Mon Feb 24 09:33:46.441535 2025] [mpm_winnt:notice] [pid 11696:tid 752] AH00354: Child: Starting 64 worker threads.
[Mon Feb 24 09:33:49.492429 2025] [mpm_winnt:crit] [pid 11696:tid 752] AH02538: Child: Parent process exited abruptly. Child process is ending
[Mon Feb 24 09:33:49.493432 2025] [mpm_winnt:warn] [pid 11696:tid 664] (OS 995)L’opération d’entrée/sortie a été abandonnée en raison de l’arrêt d’un thread ou à la demande d’une application.  : AH00341: winnt_accept: Asynchronous AcceptEx failed.
[Mon Feb 24 09:33:49.493432 2025] [mpm_winnt:warn] [pid 11696:tid 900] (OS 995)L’opération d’entrée/sortie a été abandonnée en raison de l’arrêt d’un thread ou à la demande d’une application.  : AH00341: winnt_accept: Asynchronous AcceptEx failed.
[Mon Feb 24 09:33:49.493432 2025] [mpm_winnt:warn] [pid 11696:tid 1504] (OS 995)L’opération d’entrée/sortie a été abandonnée en raison de l’arrêt d’un thread ou à la demande d’une application.  : AH00341: winnt_accept: Asynchronous AcceptEx failed.
[Mon Feb 24 09:33:49.493432 2025] [mpm_winnt:warn] [pid 11696:tid 1500] (OS 995)L’opération d’entrée/sortie a été abandonnée en raison de l’arrêt d’un thread ou à la demande d’une application.  : AH00341: winnt_accept: Asynchronous AcceptEx failed.
[Mon Feb 24 09:33:55.324480 2025] [ssl:warn] [pid 4884:tid 768] AH01906: main-serveur:443:0 server certificate is a CA certificate (BasicConstraints: CA == TRUE !?)
[Mon Feb 24 09:33:55.324480 2025] [ssl:warn] [pid 4884:tid 768] AH01909: main-serveur:443:0 server certificate does NOT include an ID which matches the server name
[Mon Feb 24 09:33:55.352479 2025] [core:warn] [pid 4884:tid 768] AH00098: pid file C:/Users/pp10xia/Documents/GitHub/Scrum-vente/UwAmp/bin/apache/logs/httpd.pid overwritten -- Unclean shutdown of previous Apache run?
[Mon Feb 24 09:33:55.404472 2025] [ssl:warn] [pid 4884:tid 768] AH01873: Init: Session Cache is not configured [hint: SSLSessionCache]
[Mon Feb 24 09:33:55.405471 2025] [ssl:warn] [pid 4884:tid 768] AH01906: main-serveur:443:0 server certificate is a CA certificate (BasicConstraints: CA == TRUE !?)
[Mon Feb 24 09:33:55.405471 2025] [ssl:warn] [pid 4884:tid 768] AH01909: main-serveur:443:0 server certificate does NOT include an ID which matches the server name
[Mon Feb 24 09:33:55.428482 2025] [mpm_winnt:notice] [pid 4884:tid 768] AH00455: Apache/2.4.18 (Win32) OpenSSL/1.0.2f PHP/7.0.3 configured -- resuming normal operations
[Mon Feb 24 09:33:55.428482 2025] [mpm_winnt:notice] [pid 4884:tid 768] AH00456: Server built: Jan 28 2016 09:58:25
[Mon Feb 24 09:33:55.428482 2025] [core:notice] [pid 4884:tid 768] AH00094: Command line: 'C:\\Users\\pp10xia\\Documents\\GitHub\\Scrum-vente\\UwAmp\\bin\\apache\\bin\\httpd.exe -d C:/Users/pp10xia/Documents/GitHub/Scrum-vente/UwAmp/bin/apache -f C:\\Users\\pp10xia\\Documents\\GitHub\\Scrum-vente\\UwAmp\\bin\\apache\\conf\\httpd.conf'
[Mon Feb 24 09:33:55.433443 2025] [mpm_winnt:notice] [pid 4884:tid 768] AH00418: Parent: Created child process 35520
[Mon Feb 24 09:33:56.051553 2025] [ssl:warn] [pid 35520:tid 708] AH01906: main-serveur:443:0 server certificate is a CA certificate (BasicConstraints: CA == TRUE !?)
[Mon Feb 24 09:33:56.052562 2025] [ssl:warn] [pid 35520:tid 708] AH01909: main-serveur:443:0 server certificate does NOT include an ID which matches the server name
[Mon Feb 24 09:33:56.130553 2025] [ssl:warn] [pid 35520:tid 708] AH01873: Init: Session Cache is not configured [hint: SSLSessionCache]
[Mon Feb 24 09:33:56.131555 2025] [ssl:warn] [pid 35520:tid 708] AH01906: main-serveur:443:0 server certificate is a CA certificate (BasicConstraints: CA == TRUE !?)
[Mon Feb 24 09:33:56.131555 2025] [ssl:warn] [pid 35520:tid 708] AH01909: main-serveur:443:0 server certificate does NOT include an ID which matches the server name
[Mon Feb 24 09:33:56.155525 2025] [mpm_winnt:notice] [pid 35520:tid 708] AH00354: Child: Starting 64 worker threads.
[Thu Feb 27 08:42:28.625293 2025] [ssl:warn] [pid 16344:tid 704] AH01906: main-serveur:443:0 server certificate is a CA certificate (BasicConstraints: CA == TRUE !?)
[Thu Feb 27 08:42:28.625293 2025] [ssl:warn] [pid 16344:tid 704] AH01909: main-serveur:443:0 server certificate does NOT include an ID which matches the server name
[Thu Feb 27 08:42:28.647433 2025] [core:warn] [pid 16344:tid 704] AH00098: pid file C:/Users/evagusarov/Documents/GitHub/Scrum-vente/UwAmp/bin/apache/logs/httpd.pid overwritten -- Unclean shutdown of previous Apache run?
[Thu Feb 27 08:42:28.678683 2025] [ssl:warn] [pid 16344:tid 704] AH01873: Init: Session Cache is not configured [hint: SSLSessionCache]
[Thu Feb 27 08:42:28.678683 2025] [ssl:warn] [pid 16344:tid 704] AH01906: main-serveur:443:0 server certificate is a CA certificate (BasicConstraints: CA == TRUE !?)
[Thu Feb 27 08:42:28.678683 2025] [ssl:warn] [pid 16344:tid 704] AH01909: main-serveur:443:0 server certificate does NOT include an ID which matches the server name
[Thu Feb 27 08:42:29.148274 2025] [mpm_winnt:notice] [pid 16344:tid 704] AH00455: Apache/2.4.18 (Win32) OpenSSL/1.0.2f PHP/7.0.3 configured -- resuming normal operations
[Thu Feb 27 08:42:29.148274 2025] [mpm_winnt:notice] [pid 16344:tid 704] AH00456: Server built: Jan 28 2016 09:58:25
[Thu Feb 27 08:42:29.148274 2025] [core:notice] [pid 16344:tid 704] AH00094: Command line: 'C:\\Users\\evagusarov\\Documents\\GitHub\\Scrum-vente\\UwAmp\\bin\\apache\\bin\\httpd.exe -d C:/Users/evagusarov/Documents/GitHub/Scrum-vente/UwAmp/bin/apache -f C:\\Users\\evagusarov\\Documents\\GitHub\\Scrum-vente\\UwAmp\\bin\\apache\\conf\\httpd.conf'
[Thu Feb 27 08:42:29.148274 2025] [mpm_winnt:notice] [pid 16344:tid 704] AH00418: Parent: Created child process 12664
[Thu Feb 27 08:42:29.602869 2025] [ssl:warn] [pid 12664:tid 736] AH01906: main-serveur:443:0 server certificate is a CA certificate (BasicConstraints: CA == TRUE !?)
[Thu Feb 27 08:42:29.602869 2025] [ssl:warn] [pid 12664:tid 736] AH01909: main-serveur:443:0 server certificate does NOT include an ID which matches the server name
[Thu Feb 27 08:42:29.671839 2025] [ssl:warn] [pid 12664:tid 736] AH01873: Init: Session Cache is not configured [hint: SSLSessionCache]
[Thu Feb 27 08:42:29.671839 2025] [ssl:warn] [pid 12664:tid 736] AH01906: main-serveur:443:0 server certificate is a CA certificate (BasicConstraints: CA == TRUE !?)
[Thu Feb 27 08:42:29.671839 2025] [ssl:warn] [pid 12664:tid 736] AH01909: main-serveur:443:0 server certificate does NOT include an ID which matches the server name
[Thu Feb 27 08:42:29.687484 2025] [mpm_winnt:notice] [pid 12664:tid 736] AH00354: Child: Starting 64 worker threads.
[Thu Feb 27 09:10:54.071659 2025] [ssl:warn] [pid 3076:tid 708] AH01906: main-serveur:443:0 server certificate is a CA certificate (BasicConstraints: CA == TRUE !?)
[Thu Feb 27 09:10:54.071659 2025] [ssl:warn] [pid 3076:tid 708] AH01909: main-serveur:443:0 server certificate does NOT include an ID which matches the server name
[Thu Feb 27 09:10:54.087300 2025] [core:warn] [pid 3076:tid 708] AH00098: pid file C:/Users/thomayoraz/Documents/GitHub/Scrum-vente/UwAmp/bin/apache/logs/httpd.pid overwritten -- Unclean shutdown of previous Apache run?
[Thu Feb 27 09:10:54.134158 2025] [ssl:warn] [pid 3076:tid 708] AH01873: Init: Session Cache is not configured [hint: SSLSessionCache]
[Thu Feb 27 09:10:54.134158 2025] [ssl:warn] [pid 3076:tid 708] AH01906: main-serveur:443:0 server certificate is a CA certificate (BasicConstraints: CA == TRUE !?)
[Thu Feb 27 09:10:54.134158 2025] [ssl:warn] [pid 3076:tid 708] AH01909: main-serveur:443:0 server certificate does NOT include an ID which matches the server name
[Thu Feb 27 09:10:54.634158 2025] [mpm_winnt:notice] [pid 3076:tid 708] AH00455: Apache/2.4.18 (Win32) OpenSSL/1.0.2f PHP/7.0.3 configured -- resuming normal operations
[Thu Feb 27 09:10:54.634158 2025] [mpm_winnt:notice] [pid 3076:tid 708] AH00456: Server built: Jan 28 2016 09:58:25
[Thu Feb 27 09:10:54.634158 2025] [core:notice] [pid 3076:tid 708] AH00094: Command line: 'C:\\Users\\thomayoraz\\Documents\\GitHub\\Scrum-vente\\UwAmp\\bin\\apache\\bin\\httpd.exe -d C:/Users/thomayoraz/Documents/GitHub/Scrum-vente/UwAmp/bin/apache -f C:\\Users\\thomayoraz\\Documents\\GitHub\\Scrum-vente\\UwAmp\\bin\\apache\\conf\\httpd.conf'
[Thu Feb 27 09:10:54.634158 2025] [mpm_winnt:notice] [pid 3076:tid 708] AH00418: Parent: Created child process 5376
[Thu Feb 27 09:10:55.056028 2025] [ssl:warn] [pid 5376:tid 744] AH01906: main-serveur:443:0 server certificate is a CA certificate (BasicConstraints: CA == TRUE !?)
[Thu Feb 27 09:10:55.056028 2025] [ssl:warn] [pid 5376:tid 744] AH01909: main-serveur:443:0 server certificate does NOT include an ID which matches the server name
[Thu Feb 27 09:10:55.118528 2025] [ssl:warn] [pid 5376:tid 744] AH01873: Init: Session Cache is not configured [hint: SSLSessionCache]
[Thu Feb 27 09:10:55.118528 2025] [ssl:warn] [pid 5376:tid 744] AH01906: main-serveur:443:0 server certificate is a CA certificate (BasicConstraints: CA == TRUE !?)
[Thu Feb 27 09:10:55.118528 2025] [ssl:warn] [pid 5376:tid 744] AH01909: main-serveur:443:0 server certificate does NOT include an ID which matches the server name
[Thu Feb 27 09:10:55.134153 2025] [mpm_winnt:notice] [pid 5376:tid 744] AH00354: Child: Starting 64 worker threads.
[Thu Feb 27 09:12:30.649552 2025] [mpm_winnt:crit] [pid 5376:tid 744] AH02538: Child: Parent process exited abruptly. Child process is ending
[Thu Feb 27 09:12:32.597747 2025] [ssl:warn] [pid 4144:tid 708] AH01906: main-serveur:443:0 server certificate is a CA certificate (BasicConstraints: CA == TRUE !?)
[Thu Feb 27 09:12:32.597747 2025] [ssl:warn] [pid 4144:tid 708] AH01909: main-serveur:443:0 server certificate does NOT include an ID which matches the server name
[Thu Feb 27 09:12:32.613313 2025] [core:warn] [pid 4144:tid 708] AH00098: pid file C:/Users/thomayoraz/Documents/GitHub/Scrum-vente/UwAmp/bin/apache/logs/httpd.pid overwritten -- Unclean shutdown of previous Apache run?
[Thu Feb 27 09:12:32.660098 2025] [ssl:warn] [pid 4144:tid 708] AH01873: Init: Session Cache is not configured [hint: SSLSessionCache]
[Thu Feb 27 09:12:32.660098 2025] [ssl:warn] [pid 4144:tid 708] AH01906: main-serveur:443:0 server certificate is a CA certificate (BasicConstraints: CA == TRUE !?)
[Thu Feb 27 09:12:32.660098 2025] [ssl:warn] [pid 4144:tid 708] AH01909: main-serveur:443:0 server certificate does NOT include an ID which matches the server name
[Thu Feb 27 09:12:32.675683 2025] [mpm_winnt:notice] [pid 4144:tid 708] AH00455: Apache/2.4.18 (Win32) OpenSSL/1.0.2f PHP/7.0.3 configured -- resuming normal operations
[Thu Feb 27 09:12:32.675683 2025] [mpm_winnt:notice] [pid 4144:tid 708] AH00456: Server built: Jan 28 2016 09:58:25
[Thu Feb 27 09:12:32.675683 2025] [core:notice] [pid 4144:tid 708] AH00094: Command line: 'C:\\Users\\thomayoraz\\Documents\\GitHub\\Scrum-vente\\UwAmp\\bin\\apache\\bin\\httpd.exe -d C:/Users/thomayoraz/Documents/GitHub/Scrum-vente/UwAmp/bin/apache -f C:\\Users\\thomayoraz\\Documents\\GitHub\\Scrum-vente\\UwAmp\\bin\\apache\\conf\\httpd.conf'
[Thu Feb 27 09:12:32.675683 2025] [mpm_winnt:notice] [pid 4144:tid 708] AH00418: Parent: Created child process 2408
[Thu Feb 27 09:12:33.096825 2025] [ssl:warn] [pid 2408:tid 752] AH01906: main-serveur:443:0 server certificate is a CA certificate (BasicConstraints: CA == TRUE !?)
[Thu Feb 27 09:12:33.096825 2025] [ssl:warn] [pid 2408:tid 752] AH01909: main-serveur:443:0 server certificate does NOT include an ID which matches the server name
[Thu Feb 27 09:12:33.159213 2025] [ssl:warn] [pid 2408:tid 752] AH01873: Init: Session Cache is not configured [hint: SSLSessionCache]
[Thu Feb 27 09:12:33.159213 2025] [ssl:warn] [pid 2408:tid 752] AH01906: main-serveur:443:0 server certificate is a CA certificate (BasicConstraints: CA == TRUE !?)
[Thu Feb 27 09:12:33.159213 2025] [ssl:warn] [pid 2408:tid 752] AH01909: main-serveur:443:0 server certificate does NOT include an ID which matches the server name
[Thu Feb 27 09:12:33.174781 2025] [mpm_winnt:notice] [pid 2408:tid 752] AH00354: Child: Starting 64 worker threads.
<<<<<<< HEAD
[Thu Feb 27 10:43:54.981437 2025] [ssl:warn] [pid 8092:tid 760] AH01906: main-serveur:443:0 server certificate is a CA certificate (BasicConstraints: CA == TRUE !?)
[Thu Feb 27 10:43:54.981437 2025] [ssl:warn] [pid 8092:tid 760] AH01909: main-serveur:443:0 server certificate does NOT include an ID which matches the server name
[Thu Feb 27 10:43:54.997062 2025] [core:warn] [pid 8092:tid 760] AH00098: pid file C:/Users/thomayoraz/Documents/GitHub/Scrum-vente/UwAmp/bin/apache/logs/httpd.pid overwritten -- Unclean shutdown of previous Apache run?
[Thu Feb 27 10:43:55.043936 2025] [ssl:warn] [pid 8092:tid 760] AH01873: Init: Session Cache is not configured [hint: SSLSessionCache]
[Thu Feb 27 10:43:55.043936 2025] [ssl:warn] [pid 8092:tid 760] AH01906: main-serveur:443:0 server certificate is a CA certificate (BasicConstraints: CA == TRUE !?)
[Thu Feb 27 10:43:55.043936 2025] [ssl:warn] [pid 8092:tid 760] AH01909: main-serveur:443:0 server certificate does NOT include an ID which matches the server name
[Thu Feb 27 10:43:55.528403 2025] [mpm_winnt:notice] [pid 8092:tid 760] AH00455: Apache/2.4.18 (Win32) OpenSSL/1.0.2f PHP/7.0.3 configured -- resuming normal operations
[Thu Feb 27 10:43:55.528403 2025] [mpm_winnt:notice] [pid 8092:tid 760] AH00456: Server built: Jan 28 2016 09:58:25
[Thu Feb 27 10:43:55.528403 2025] [core:notice] [pid 8092:tid 760] AH00094: Command line: 'C:\\Users\\thomayoraz\\Documents\\GitHub\\Scrum-vente\\UwAmp\\bin\\apache\\bin\\httpd.exe -d C:/Users/thomayoraz/Documents/GitHub/Scrum-vente/UwAmp/bin/apache -f C:\\Users\\thomayoraz\\Documents\\GitHub\\Scrum-vente\\UwAmp\\bin\\apache\\conf\\httpd.conf'
[Thu Feb 27 10:43:55.528403 2025] [mpm_winnt:notice] [pid 8092:tid 760] AH00418: Parent: Created child process 6980
[Thu Feb 27 10:43:55.950186 2025] [ssl:warn] [pid 6980:tid 720] AH01906: main-serveur:443:0 server certificate is a CA certificate (BasicConstraints: CA == TRUE !?)
[Thu Feb 27 10:43:55.965812 2025] [ssl:warn] [pid 6980:tid 720] AH01909: main-serveur:443:0 server certificate does NOT include an ID which matches the server name
[Thu Feb 27 10:43:56.028311 2025] [ssl:warn] [pid 6980:tid 720] AH01873: Init: Session Cache is not configured [hint: SSLSessionCache]
[Thu Feb 27 10:43:56.028311 2025] [ssl:warn] [pid 6980:tid 720] AH01906: main-serveur:443:0 server certificate is a CA certificate (BasicConstraints: CA == TRUE !?)
[Thu Feb 27 10:43:56.028311 2025] [ssl:warn] [pid 6980:tid 720] AH01909: main-serveur:443:0 server certificate does NOT include an ID which matches the server name
[Thu Feb 27 10:43:56.043937 2025] [mpm_winnt:notice] [pid 6980:tid 720] AH00354: Child: Starting 64 worker threads.
=======
[Thu Feb 27 10:32:00.141473 2025] [ssl:warn] [pid 13784:tid 708] AH01906: main-serveur:443:0 server certificate is a CA certificate (BasicConstraints: CA == TRUE !?)
[Thu Feb 27 10:32:00.141473 2025] [ssl:warn] [pid 13784:tid 708] AH01909: main-serveur:443:0 server certificate does NOT include an ID which matches the server name
[Thu Feb 27 10:32:00.157142 2025] [core:warn] [pid 13784:tid 708] AH00098: pid file C:/Users/jonjunod/Documents/GitHub/Scrum-vente/UwAmp/bin/apache/logs/httpd.pid overwritten -- Unclean shutdown of previous Apache run?
[Thu Feb 27 10:32:00.188390 2025] [ssl:warn] [pid 13784:tid 708] AH01873: Init: Session Cache is not configured [hint: SSLSessionCache]
[Thu Feb 27 10:32:00.188390 2025] [ssl:warn] [pid 13784:tid 708] AH01906: main-serveur:443:0 server certificate is a CA certificate (BasicConstraints: CA == TRUE !?)
[Thu Feb 27 10:32:00.188390 2025] [ssl:warn] [pid 13784:tid 708] AH01909: main-serveur:443:0 server certificate does NOT include an ID which matches the server name
[Thu Feb 27 10:32:00.204031 2025] [mpm_winnt:notice] [pid 13784:tid 708] AH00455: Apache/2.4.18 (Win32) OpenSSL/1.0.2f PHP/7.0.3 configured -- resuming normal operations
[Thu Feb 27 10:32:00.204031 2025] [mpm_winnt:notice] [pid 13784:tid 708] AH00456: Server built: Jan 28 2016 09:58:25
[Thu Feb 27 10:32:00.204031 2025] [core:notice] [pid 13784:tid 708] AH00094: Command line: 'C:\\Users\\jonjunod\\Documents\\GitHub\\Scrum-vente\\UwAmp\\bin\\apache\\bin\\httpd.exe -d C:/Users/jonjunod/Documents/GitHub/Scrum-vente/UwAmp/bin/apache -f C:\\Users\\jonjunod\\Documents\\GitHub\\Scrum-vente\\UwAmp\\bin\\apache\\conf\\httpd.conf'
[Thu Feb 27 10:32:00.204031 2025] [mpm_winnt:notice] [pid 13784:tid 708] AH00418: Parent: Created child process 6600
[Thu Feb 27 10:32:00.644152 2025] [ssl:warn] [pid 6600:tid 740] AH01906: main-serveur:443:0 server certificate is a CA certificate (BasicConstraints: CA == TRUE !?)
[Thu Feb 27 10:32:00.644152 2025] [ssl:warn] [pid 6600:tid 740] AH01909: main-serveur:443:0 server certificate does NOT include an ID which matches the server name
[Thu Feb 27 10:32:00.703010 2025] [ssl:warn] [pid 6600:tid 740] AH01873: Init: Session Cache is not configured [hint: SSLSessionCache]
[Thu Feb 27 10:32:00.704010 2025] [ssl:warn] [pid 6600:tid 740] AH01906: main-serveur:443:0 server certificate is a CA certificate (BasicConstraints: CA == TRUE !?)
[Thu Feb 27 10:32:00.704010 2025] [ssl:warn] [pid 6600:tid 740] AH01909: main-serveur:443:0 server certificate does NOT include an ID which matches the server name
[Thu Feb 27 10:32:00.707592 2025] [mpm_winnt:notice] [pid 6600:tid 740] AH00354: Child: Starting 64 worker threads.
[Thu Feb 27 10:39:20.092658 2025] [mpm_winnt:crit] [pid 6600:tid 740] AH02538: Child: Parent process exited abruptly. Child process is ending
[Thu Feb 27 10:44:56.896841 2025] [ssl:warn] [pid 5260:tid 708] AH01906: main-serveur:443:0 server certificate is a CA certificate (BasicConstraints: CA == TRUE !?)
[Thu Feb 27 10:44:56.896841 2025] [ssl:warn] [pid 5260:tid 708] AH01909: main-serveur:443:0 server certificate does NOT include an ID which matches the server name
[Thu Feb 27 10:44:56.912395 2025] [core:warn] [pid 5260:tid 708] AH00098: pid file C:/Users/jonjunod/Documents/GitHub/Scrum-vente/UwAmp/bin/apache/logs/httpd.pid overwritten -- Unclean shutdown of previous Apache run?
[Thu Feb 27 10:44:56.959285 2025] [ssl:warn] [pid 5260:tid 708] AH01873: Init: Session Cache is not configured [hint: SSLSessionCache]
[Thu Feb 27 10:44:56.959285 2025] [ssl:warn] [pid 5260:tid 708] AH01906: main-serveur:443:0 server certificate is a CA certificate (BasicConstraints: CA == TRUE !?)
[Thu Feb 27 10:44:56.959285 2025] [ssl:warn] [pid 5260:tid 708] AH01909: main-serveur:443:0 server certificate does NOT include an ID which matches the server name
[Thu Feb 27 10:44:56.974896 2025] [mpm_winnt:notice] [pid 5260:tid 708] AH00455: Apache/2.4.18 (Win32) OpenSSL/1.0.2f PHP/7.0.3 configured -- resuming normal operations
[Thu Feb 27 10:44:56.974896 2025] [mpm_winnt:notice] [pid 5260:tid 708] AH00456: Server built: Jan 28 2016 09:58:25
[Thu Feb 27 10:44:56.974896 2025] [core:notice] [pid 5260:tid 708] AH00094: Command line: 'C:\\Users\\jonjunod\\Documents\\GitHub\\Scrum-vente\\UwAmp\\bin\\apache\\bin\\httpd.exe -d C:/Users/jonjunod/Documents/GitHub/Scrum-vente/UwAmp/bin/apache -f C:\\Users\\jonjunod\\Documents\\GitHub\\Scrum-vente\\UwAmp\\bin\\apache\\conf\\httpd.conf'
[Thu Feb 27 10:44:56.974896 2025] [mpm_winnt:notice] [pid 5260:tid 708] AH00418: Parent: Created child process 8556
[Thu Feb 27 10:44:57.412470 2025] [ssl:warn] [pid 8556:tid 736] AH01906: main-serveur:443:0 server certificate is a CA certificate (BasicConstraints: CA == TRUE !?)
[Thu Feb 27 10:44:57.412470 2025] [ssl:warn] [pid 8556:tid 736] AH01909: main-serveur:443:0 server certificate does NOT include an ID which matches the server name
[Thu Feb 27 10:44:57.459335 2025] [ssl:warn] [pid 8556:tid 736] AH01873: Init: Session Cache is not configured [hint: SSLSessionCache]
[Thu Feb 27 10:44:57.459335 2025] [ssl:warn] [pid 8556:tid 736] AH01906: main-serveur:443:0 server certificate is a CA certificate (BasicConstraints: CA == TRUE !?)
[Thu Feb 27 10:44:57.459335 2025] [ssl:warn] [pid 8556:tid 736] AH01909: main-serveur:443:0 server certificate does NOT include an ID which matches the server name
[Thu Feb 27 10:44:57.490523 2025] [mpm_winnt:notice] [pid 8556:tid 736] AH00354: Child: Starting 64 worker threads.
>>>>>>> 343155cdb500d0faf45bfa85d11e452a624ec8ff
[Thu Feb 27 12:01:07.817273 2025] [ssl:warn] [pid 5264:tid 732] AH01906: main-serveur:443:0 server certificate is a CA certificate (BasicConstraints: CA == TRUE !?)
[Thu Feb 27 12:01:07.818269 2025] [ssl:warn] [pid 5264:tid 732] AH01909: main-serveur:443:0 server certificate does NOT include an ID which matches the server name
[Thu Feb 27 12:01:07.835111 2025] [core:warn] [pid 5264:tid 732] AH00098: pid file C:/Users/jonjunod/Documents/GitHub/Scrum-vente/UwAmp/bin/apache/logs/httpd.pid overwritten -- Unclean shutdown of previous Apache run?
[Thu Feb 27 12:01:07.875391 2025] [ssl:warn] [pid 5264:tid 732] AH01873: Init: Session Cache is not configured [hint: SSLSessionCache]
[Thu Feb 27 12:01:07.876392 2025] [ssl:warn] [pid 5264:tid 732] AH01906: main-serveur:443:0 server certificate is a CA certificate (BasicConstraints: CA == TRUE !?)
[Thu Feb 27 12:01:07.876392 2025] [ssl:warn] [pid 5264:tid 732] AH01909: main-serveur:443:0 server certificate does NOT include an ID which matches the server name
[Thu Feb 27 12:01:07.892953 2025] [mpm_winnt:notice] [pid 5264:tid 732] AH00455: Apache/2.4.18 (Win32) OpenSSL/1.0.2f PHP/7.0.3 configured -- resuming normal operations
[Thu Feb 27 12:01:07.892953 2025] [mpm_winnt:notice] [pid 5264:tid 732] AH00456: Server built: Jan 28 2016 09:58:25
[Thu Feb 27 12:01:07.892953 2025] [core:notice] [pid 5264:tid 732] AH00094: Command line: 'C:\\Users\\jonjunod\\Documents\\GitHub\\Scrum-vente\\UwAmp\\bin\\apache\\bin\\httpd.exe -d C:/Users/jonjunod/Documents/GitHub/Scrum-vente/UwAmp/bin/apache -f C:\\Users\\jonjunod\\Documents\\GitHub\\Scrum-vente\\UwAmp\\bin\\apache\\conf\\httpd.conf'
[Thu Feb 27 12:01:07.894955 2025] [mpm_winnt:notice] [pid 5264:tid 732] AH00418: Parent: Created child process 11220
[Thu Feb 27 12:01:08.335066 2025] [ssl:warn] [pid 11220:tid 700] AH01906: main-serveur:443:0 server certificate is a CA certificate (BasicConstraints: CA == TRUE !?)
[Thu Feb 27 12:01:08.335066 2025] [ssl:warn] [pid 11220:tid 700] AH01909: main-serveur:443:0 server certificate does NOT include an ID which matches the server name
[Thu Feb 27 12:01:08.390135 2025] [ssl:warn] [pid 11220:tid 700] AH01873: Init: Session Cache is not configured [hint: SSLSessionCache]
[Thu Feb 27 12:01:08.390135 2025] [ssl:warn] [pid 11220:tid 700] AH01906: main-serveur:443:0 server certificate is a CA certificate (BasicConstraints: CA == TRUE !?)
[Thu Feb 27 12:01:08.390135 2025] [ssl:warn] [pid 11220:tid 700] AH01909: main-serveur:443:0 server certificate does NOT include an ID which matches the server name
[Thu Feb 27 12:01:08.407109 2025] [mpm_winnt:notice] [pid 11220:tid 700] AH00354: Child: Starting 64 worker threads.
>>>>>>> 13158ec3c61632787c6b578990c40c9fb70ef317
[Thu Mar 06 08:03:14.348666 2025] [ssl:warn] [pid 9000:tid 720] AH01906: main-serveur:443:0 server certificate is a CA certificate (BasicConstraints: CA == TRUE !?)
[Thu Mar 06 08:03:14.348666 2025] [ssl:warn] [pid 9000:tid 720] AH01909: main-serveur:443:0 server certificate does NOT include an ID which matches the server name
[Thu Mar 06 08:03:14.364290 2025] [core:warn] [pid 9000:tid 720] AH00098: pid file C:/Users/jonjunod/Documents/GitHub/Scrum-vente/UwAmp/bin/apache/logs/httpd.pid overwritten -- Unclean shutdown of previous Apache run?
[Thu Mar 06 08:03:14.411166 2025] [ssl:warn] [pid 9000:tid 720] AH01873: Init: Session Cache is not configured [hint: SSLSessionCache]
[Thu Mar 06 08:03:14.411166 2025] [ssl:warn] [pid 9000:tid 720] AH01906: main-serveur:443:0 server certificate is a CA certificate (BasicConstraints: CA == TRUE !?)
[Thu Mar 06 08:03:14.411166 2025] [ssl:warn] [pid 9000:tid 720] AH01909: main-serveur:443:0 server certificate does NOT include an ID which matches the server name
[Thu Mar 06 08:03:14.426791 2025] [mpm_winnt:notice] [pid 9000:tid 720] AH00455: Apache/2.4.18 (Win32) OpenSSL/1.0.2f PHP/7.0.3 configured -- resuming normal operations
[Thu Mar 06 08:03:14.426791 2025] [mpm_winnt:notice] [pid 9000:tid 720] AH00456: Server built: Jan 28 2016 09:58:25
[Thu Mar 06 08:03:14.426791 2025] [core:notice] [pid 9000:tid 720] AH00094: Command line: 'C:\\Users\\jonjunod\\Documents\\GitHub\\Scrum-vente\\UwAmp\\bin\\apache\\bin\\httpd.exe -d C:/Users/jonjunod/Documents/GitHub/Scrum-vente/UwAmp/bin/apache -f C:\\Users\\jonjunod\\Documents\\GitHub\\Scrum-vente\\UwAmp\\bin\\apache\\conf\\httpd.conf'
[Thu Mar 06 08:03:14.426791 2025] [mpm_winnt:notice] [pid 9000:tid 720] AH00418: Parent: Created child process 11112
[Thu Mar 06 08:03:14.864290 2025] [ssl:warn] [pid 11112:tid 748] AH01906: main-serveur:443:0 server certificate is a CA certificate (BasicConstraints: CA == TRUE !?)
[Thu Mar 06 08:03:14.879915 2025] [ssl:warn] [pid 11112:tid 748] AH01909: main-serveur:443:0 server certificate does NOT include an ID which matches the server name
[Thu Mar 06 08:03:14.926790 2025] [ssl:warn] [pid 11112:tid 748] AH01873: Init: Session Cache is not configured [hint: SSLSessionCache]
[Thu Mar 06 08:03:14.926790 2025] [ssl:warn] [pid 11112:tid 748] AH01906: main-serveur:443:0 server certificate is a CA certificate (BasicConstraints: CA == TRUE !?)
[Thu Mar 06 08:03:14.926790 2025] [ssl:warn] [pid 11112:tid 748] AH01909: main-serveur:443:0 server certificate does NOT include an ID which matches the server name
[Thu Mar 06 08:03:14.942415 2025] [mpm_winnt:notice] [pid 11112:tid 748] AH00354: Child: Starting 64 worker threads.
