2025-02-02T19:46:44.296941Z 0 [Warning] TIMESTAMP with implicit DEFAULT value is deprecated. Please use --explicit_defaults_for_timestamp server option (see documentation for more details).
2025-02-02T19:46:44.296941Z 0 [Warning] 'NO_ZERO_DATE', 'NO_ZERO_IN_DATE' and 'ERROR_FOR_DIVISION_BY_ZERO' sql modes should be used with strict mode. They will be merged with strict mode in a future release.
2025-02-02T19:46:44.296941Z 0 [Warning] 'NO_AUTO_CREATE_USER' sql mode was not set.
2025-02-02T19:46:44.296941Z 0 [Warning] Insecure configuration for --secure-file-priv: Current value does not restrict location of generated files. Consider setting it to a valid, non-empty path.
2025-02-02T19:46:44.296941Z 0 [Note] E:\TEMPLATES\UwAmp\bin\database\mysql-5.7.11\bin\mysqld.exe (mysqld 5.7.11) starting as process 20828 ...
2025-02-02T19:46:44.317338Z 0 [ERROR] Can't open shared library 'E:\TEMPLATES\UwAmp\bin\database\mysql-5.7.11\lib\plugin\keyring_file.dll' (errno: 126 Le module spécifié est introuvable.)
2025-02-02T19:46:44.317338Z 0 [ERROR] Couldn't load plugin named 'keyring_file' with soname 'keyring_file.dll'.
2025-02-02T19:46:44.318332Z 0 [Note] InnoDB: Mutexes and rw_locks use Windows interlocked functions
2025-02-02T19:46:44.319330Z 0 [Note] InnoDB: Uses event mutexes
2025-02-02T19:46:44.319330Z 0 [Note] InnoDB: Memory barrier is not used
2025-02-02T19:46:44.319330Z 0 [Note] InnoDB: Compressed tables use zlib 1.2.3
2025-02-02T19:46:44.319330Z 0 [Note] InnoDB: Number of pools: 1
2025-02-02T19:46:44.320333Z 0 [Note] InnoDB: Not using CPU crc32 instructions
2025-02-02T19:46:44.349254Z 0 [Note] InnoDB: Initializing buffer pool, total size = 128M, instances = 1, chunk size = 128M
2025-02-02T19:46:44.354240Z 0 [Note] InnoDB: Completed initialization of buffer pool
2025-02-02T19:46:44.438360Z 0 [Note] InnoDB: Setting log file .\ib_logfile101 size to 48 MB
2025-02-02T19:46:45.607956Z 0 [Note] InnoDB: Setting log file .\ib_logfile1 size to 48 MB
2025-02-02T19:46:46.799964Z 0 [Note] InnoDB: Renaming log file .\ib_logfile101 to .\ib_logfile0
2025-02-02T19:46:46.800934Z 0 [Warning] InnoDB: New log files created, LSN=2602779
2025-02-02T19:46:46.801931Z 0 [Note] InnoDB: Highest supported file format is Barracuda.
2025-02-02T19:46:46.806946Z 0 [Note] InnoDB: Log scan progressed past the checkpoint lsn 2603020
2025-02-02T19:46:46.806946Z 0 [Note] InnoDB: Doing recovery: scanned up to log sequence number 2603029
2025-02-02T19:46:46.810483Z 0 [Note] InnoDB: Doing recovery: scanned up to log sequence number 2603029
2025-02-02T19:46:46.810483Z 0 [Note] InnoDB: Database was not shutdown normally!
2025-02-02T19:46:46.810483Z 0 [Note] InnoDB: Starting crash recovery.
2025-02-02T19:46:47.270630Z 0 [Note] InnoDB: Creating shared tablespace for temporary tables
2025-02-02T19:46:47.271628Z 0 [Note] InnoDB: Setting file '.\ibtmp1' size to 12 MB. Physically writing the file full; Please wait ...
2025-02-02T19:46:47.571159Z 0 [Note] InnoDB: File '.\ibtmp1' size is now 12 MB.
2025-02-02T19:46:47.584848Z 0 [Note] InnoDB: 96 redo rollback segment(s) found. 96 redo rollback segment(s) are active.
2025-02-02T19:46:47.585845Z 0 [Note] InnoDB: 32 non-redo rollback segment(s) are active.
2025-02-02T19:46:47.585845Z 0 [Note] InnoDB: Waiting for purge to start
2025-02-02T19:46:47.644566Z 0 [Note] InnoDB: 5.7.11 started; log sequence number 2603029
2025-02-02T19:46:47.645525Z 0 [Note] InnoDB: Loading buffer pool(s) from E:\TEMPLATES\UwAmp\bin\database\mysql-5.7.11\data\ib_buffer_pool
2025-02-02T19:46:47.645525Z 0 [Note] Plugin 'FEDERATED' is disabled.
2025-02-02T19:46:47.667411Z 0 [Warning] Failed to set up SSL because of the following SSL library error: SSL context is not usable without certificate and private key
2025-02-02T19:46:47.669406Z 0 [Note] Server hostname (bind-address): '*'; port: 3306
2025-02-02T19:46:47.669406Z 0 [Note] IPv6 is available.
2025-02-02T19:46:47.669406Z 0 [Note]   - '::' resolves to '::';
2025-02-02T19:46:47.670404Z 0 [Note] Server socket created on IP: '::'.
2025-02-02T19:46:47.729987Z 0 [Note] Event Scheduler: Loaded 0 events
2025-02-02T19:46:47.729987Z 0 [Note] InnoDB: Buffer pool(s) load completed at 250202 20:46:47
2025-02-02T19:46:47.729987Z 0 [Note] E:\TEMPLATES\UwAmp\bin\database\mysql-5.7.11\bin\mysqld.exe: ready for connections.
Version: '5.7.11'  socket: ''  port: 3306  MySQL Community Server (GPL)
2025-02-02T19:46:51.542250Z 0 [Note] E:\TEMPLATES\UwAmp\bin\database\mysql-5.7.11\bin\mysqld.exe: Normal shutdown

2025-02-02T19:46:51.543268Z 0 [Note] Giving 0 client threads a chance to die gracefully
2025-02-02T19:46:51.543268Z 0 [Note] Shutting down slave threads
2025-02-02T19:46:51.543268Z 0 [Note] Forcefully disconnecting 0 remaining clients
2025-02-02T19:46:51.543268Z 0 [Note] Event Scheduler: Purging the queue. 0 events
2025-02-02T19:46:51.544244Z 0 [Note] Binlog end
2025-02-02T19:46:51.544244Z 0 [Note] Shutting down plugin 'ngram'
2025-02-02T19:46:51.544244Z 0 [Note] Shutting down plugin 'partition'
2025-02-02T19:46:51.545280Z 0 [Note] Shutting down plugin 'BLACKHOLE'
2025-02-02T19:46:51.545280Z 0 [Note] Shutting down plugin 'ARCHIVE'
2025-02-02T19:46:51.545280Z 0 [Note] Shutting down plugin 'PERFORMANCE_SCHEMA'
2025-02-02T19:46:51.545280Z 0 [Note] Shutting down plugin 'MRG_MYISAM'
2025-02-02T19:46:51.545280Z 0 [Note] Shutting down plugin 'MyISAM'
2025-02-02T19:46:51.545280Z 0 [Note] Shutting down plugin 'INNODB_SYS_VIRTUAL'
2025-02-02T19:46:51.546263Z 0 [Note] Shutting down plugin 'INNODB_SYS_DATAFILES'
2025-02-02T19:46:51.546263Z 0 [Note] Shutting down plugin 'INNODB_SYS_TABLESPACES'
2025-02-02T19:46:51.546263Z 0 [Note] Shutting down plugin 'INNODB_SYS_FOREIGN_COLS'
2025-02-02T19:46:51.546263Z 0 [Note] Shutting down plugin 'INNODB_SYS_FOREIGN'
2025-02-02T19:46:51.546263Z 0 [Note] Shutting down plugin 'INNODB_SYS_FIELDS'
2025-02-02T19:46:51.547260Z 0 [Note] Shutting down plugin 'INNODB_SYS_COLUMNS'
2025-02-02T19:46:51.547260Z 0 [Note] Shutting down plugin 'INNODB_SYS_INDEXES'
2025-02-02T19:46:51.547260Z 0 [Note] Shutting down plugin 'INNODB_SYS_TABLESTATS'
2025-02-02T19:46:51.547260Z 0 [Note] Shutting down plugin 'INNODB_SYS_TABLES'
2025-02-02T19:46:51.547260Z 0 [Note] Shutting down plugin 'INNODB_FT_INDEX_TABLE'
2025-02-02T19:46:51.547260Z 0 [Note] Shutting down plugin 'INNODB_FT_INDEX_CACHE'
2025-02-02T19:46:51.548262Z 0 [Note] Shutting down plugin 'INNODB_FT_CONFIG'
2025-02-02T19:46:51.548262Z 0 [Note] Shutting down plugin 'INNODB_FT_BEING_DELETED'
2025-02-02T19:46:51.548262Z 0 [Note] Shutting down plugin 'INNODB_FT_DELETED'
2025-02-02T19:46:51.548262Z 0 [Note] Shutting down plugin 'INNODB_FT_DEFAULT_STOPWORD'
2025-02-02T19:46:51.548262Z 0 [Note] Shutting down plugin 'INNODB_METRICS'
2025-02-02T19:46:51.548262Z 0 [Note] Shutting down plugin 'INNODB_TEMP_TABLE_INFO'
2025-02-02T19:46:51.549261Z 0 [Note] Shutting down plugin 'INNODB_BUFFER_POOL_STATS'
2025-02-02T19:46:51.549261Z 0 [Note] Shutting down plugin 'INNODB_BUFFER_PAGE_LRU'
2025-02-02T19:46:51.549261Z 0 [Note] Shutting down plugin 'INNODB_BUFFER_PAGE'
2025-02-02T19:46:51.549261Z 0 [Note] Shutting down plugin 'INNODB_CMP_PER_INDEX_RESET'
2025-02-02T19:46:51.549261Z 0 [Note] Shutting down plugin 'INNODB_CMP_PER_INDEX'
2025-02-02T19:46:51.550256Z 0 [Note] Shutting down plugin 'INNODB_CMPMEM_RESET'
2025-02-02T19:46:51.550256Z 0 [Note] Shutting down plugin 'INNODB_CMPMEM'
2025-02-02T19:46:51.550256Z 0 [Note] Shutting down plugin 'INNODB_CMP_RESET'
2025-02-02T19:46:51.550256Z 0 [Note] Shutting down plugin 'INNODB_CMP'
2025-02-02T19:46:51.550256Z 0 [Note] Shutting down plugin 'INNODB_LOCK_WAITS'
2025-02-02T19:46:51.550256Z 0 [Note] Shutting down plugin 'INNODB_LOCKS'
2025-02-02T19:46:51.551226Z 0 [Note] Shutting down plugin 'INNODB_TRX'
2025-02-02T19:46:51.551226Z 0 [Note] Shutting down plugin 'InnoDB'
2025-02-02T19:46:51.551226Z 0 [Note] InnoDB: FTS optimize thread exiting.
2025-02-02T19:46:51.551226Z 0 [Note] InnoDB: Starting shutdown...
2025-02-02T19:46:51.657454Z 0 [Note] InnoDB: Dumping buffer pool(s) to E:\TEMPLATES\UwAmp\bin\database\mysql-5.7.11\data\ib_buffer_pool
2025-02-02T19:46:51.680208Z 0 [Note] InnoDB: Buffer pool(s) dump completed at 250202 20:46:51
2025-02-02T19:46:52.273626Z 0 [Note] InnoDB: Shutdown completed; log sequence number 2603057
2025-02-02T19:46:52.275785Z 0 [Note] InnoDB: Removed temporary tablespace data file: "ibtmp1"
2025-02-02T19:46:52.275785Z 0 [Note] Shutting down plugin 'MEMORY'
2025-02-02T19:46:52.276682Z 0 [Note] Shutting down plugin 'CSV'
2025-02-02T19:46:52.276682Z 0 [Note] Shutting down plugin 'sha256_password'
2025-02-02T19:46:52.276682Z 0 [Note] Shutting down plugin 'mysql_native_password'
2025-02-02T19:46:52.276682Z 0 [Note] Shutting down plugin 'binlog'
2025-02-02T19:46:52.279136Z 0 [Note] E:\TEMPLATES\UwAmp\bin\database\mysql-5.7.11\bin\mysqld.exe: Shutdown complete

2025-02-02T19:46:53.355234Z 0 [Warning] TIMESTAMP with implicit DEFAULT value is deprecated. Please use --explicit_defaults_for_timestamp server option (see documentation for more details).
2025-02-02T19:46:53.356231Z 0 [Warning] 'NO_ZERO_DATE', 'NO_ZERO_IN_DATE' and 'ERROR_FOR_DIVISION_BY_ZERO' sql modes should be used with strict mode. They will be merged with strict mode in a future release.
2025-02-02T19:46:53.356231Z 0 [Warning] 'NO_AUTO_CREATE_USER' sql mode was not set.
2025-02-02T19:46:53.356231Z 0 [Warning] Insecure configuration for --secure-file-priv: Current value does not restrict location of generated files. Consider setting it to a valid, non-empty path.
2025-02-02T19:46:53.356231Z 0 [Note] E:\TEMPLATES\UwAmp\bin\database\mysql-5.7.11\bin\mysqld.exe (mysqld 5.7.11) starting as process 9504 ...
2025-02-02T19:46:53.365207Z 0 [ERROR] Can't open shared library 'E:\TEMPLATES\UwAmp\bin\database\mysql-5.7.11\lib\plugin\keyring_file.dll' (errno: 126 Le module spécifié est introuvable.)
2025-02-02T19:46:53.366204Z 0 [ERROR] Couldn't load plugin named 'keyring_file' with soname 'keyring_file.dll'.
2025-02-02T19:46:53.366204Z 0 [Note] InnoDB: Mutexes and rw_locks use Windows interlocked functions
2025-02-02T19:46:53.367202Z 0 [Note] InnoDB: Uses event mutexes
2025-02-02T19:46:53.367202Z 0 [Note] InnoDB: Memory barrier is not used
2025-02-02T19:46:53.367202Z 0 [Note] InnoDB: Compressed tables use zlib 1.2.3
2025-02-02T19:46:53.368199Z 0 [Note] InnoDB: Number of pools: 1
2025-02-02T19:46:53.368199Z 0 [Note] InnoDB: Not using CPU crc32 instructions
2025-02-02T19:46:53.396153Z 0 [Note] InnoDB: Initializing buffer pool, total size = 128M, instances = 1, chunk size = 128M
2025-02-02T19:46:53.400113Z 0 [Note] InnoDB: Completed initialization of buffer pool
2025-02-02T19:46:53.482892Z 0 [Note] InnoDB: Highest supported file format is Barracuda.
2025-02-02T19:46:53.627726Z 0 [Note] InnoDB: Creating shared tablespace for temporary tables
2025-02-02T19:46:53.628685Z 0 [Note] InnoDB: Setting file '.\ibtmp1' size to 12 MB. Physically writing the file full; Please wait ...
2025-02-02T19:46:53.920408Z 0 [Note] InnoDB: File '.\ibtmp1' size is now 12 MB.
2025-02-02T19:46:53.933346Z 0 [Note] InnoDB: 96 redo rollback segment(s) found. 96 redo rollback segment(s) are active.
2025-02-02T19:46:53.933346Z 0 [Note] InnoDB: 32 non-redo rollback segment(s) are active.
2025-02-02T19:46:53.934343Z 0 [Note] InnoDB: Waiting for purge to start
2025-02-02T19:46:53.998826Z 0 [Note] InnoDB: 5.7.11 started; log sequence number 2603057
2025-02-02T19:46:53.999794Z 0 [Note] Plugin 'FEDERATED' is disabled.
2025-02-02T19:46:53.999794Z 0 [Note] InnoDB: Loading buffer pool(s) from E:\TEMPLATES\UwAmp\bin\database\mysql-5.7.11\data\ib_buffer_pool
2025-02-02T19:46:54.011791Z 0 [Warning] Failed to set up SSL because of the following SSL library error: SSL context is not usable without certificate and private key
2025-02-02T19:46:54.013794Z 0 [Note] Server hostname (bind-address): '*'; port: 3306
2025-02-02T19:46:54.013794Z 0 [Note] IPv6 is available.
2025-02-02T19:46:54.013794Z 0 [Note]   - '::' resolves to '::';
2025-02-02T19:46:54.014782Z 0 [Note] Server socket created on IP: '::'.
2025-02-02T19:46:54.069546Z 0 [Note] Event Scheduler: Loaded 0 events
2025-02-02T19:46:54.069546Z 0 [Note] E:\TEMPLATES\UwAmp\bin\database\mysql-5.7.11\bin\mysqld.exe: ready for connections.
Version: '5.7.11'  socket: ''  port: 3306  MySQL Community Server (GPL)
2025-02-02T19:46:54.091487Z 0 [Note] InnoDB: Buffer pool(s) load completed at 250202 20:46:54
2025-02-02T19:54:00.046320Z 0 [Note] E:\TEMPLATES\UwAmp\bin\database\mysql-5.7.11\bin\mysqld.exe: Normal shutdown

2025-02-02T19:54:00.047318Z 0 [Note] Giving 0 client threads a chance to die gracefully
2025-02-02T19:54:00.047318Z 0 [Note] Shutting down slave threads
2025-02-02T19:54:00.047318Z 0 [Note] Forcefully disconnecting 0 remaining clients
2025-02-02T19:54:00.047318Z 0 [Note] Event Scheduler: Purging the queue. 0 events
2025-02-02T19:54:00.048316Z 0 [Note] Binlog end
2025-02-02T19:54:00.049313Z 0 [Note] Shutting down plugin 'ngram'
2025-02-02T19:54:00.049313Z 0 [Note] Shutting down plugin 'partition'
2025-02-02T19:54:00.049313Z 0 [Note] Shutting down plugin 'BLACKHOLE'
2025-02-02T19:54:00.049313Z 0 [Note] Shutting down plugin 'ARCHIVE'
2025-02-02T19:54:00.050310Z 0 [Note] Shutting down plugin 'PERFORMANCE_SCHEMA'
2025-02-02T19:54:00.050310Z 0 [Note] Shutting down plugin 'MRG_MYISAM'
2025-02-02T19:54:00.050310Z 0 [Note] Shutting down plugin 'MyISAM'
2025-02-02T19:54:00.050310Z 0 [Note] Shutting down plugin 'INNODB_SYS_VIRTUAL'
2025-02-02T19:54:00.050310Z 0 [Note] Shutting down plugin 'INNODB_SYS_DATAFILES'
2025-02-02T19:54:00.050310Z 0 [Note] Shutting down plugin 'INNODB_SYS_TABLESPACES'
2025-02-02T19:54:00.051307Z 0 [Note] Shutting down plugin 'INNODB_SYS_FOREIGN_COLS'
2025-02-02T19:54:00.051307Z 0 [Note] Shutting down plugin 'INNODB_SYS_FOREIGN'
2025-02-02T19:54:00.051307Z 0 [Note] Shutting down plugin 'INNODB_SYS_FIELDS'
2025-02-02T19:54:00.051307Z 0 [Note] Shutting down plugin 'INNODB_SYS_COLUMNS'
2025-02-02T19:54:00.051307Z 0 [Note] Shutting down plugin 'INNODB_SYS_INDEXES'
2025-02-02T19:54:00.051307Z 0 [Note] Shutting down plugin 'INNODB_SYS_TABLESTATS'
2025-02-02T19:54:00.052304Z 0 [Note] Shutting down plugin 'INNODB_SYS_TABLES'
2025-02-02T19:54:00.052304Z 0 [Note] Shutting down plugin 'INNODB_FT_INDEX_TABLE'
2025-02-02T19:54:00.052304Z 0 [Note] Shutting down plugin 'INNODB_FT_INDEX_CACHE'
2025-02-02T19:54:00.052304Z 0 [Note] Shutting down plugin 'INNODB_FT_CONFIG'
2025-02-02T19:54:00.052304Z 0 [Note] Shutting down plugin 'INNODB_FT_BEING_DELETED'
2025-02-02T19:54:00.053302Z 0 [Note] Shutting down plugin 'INNODB_FT_DELETED'
2025-02-02T19:54:00.053302Z 0 [Note] Shutting down plugin 'INNODB_FT_DEFAULT_STOPWORD'
2025-02-02T19:54:00.053302Z 0 [Note] Shutting down plugin 'INNODB_METRICS'
2025-02-02T19:54:00.053302Z 0 [Note] Shutting down plugin 'INNODB_TEMP_TABLE_INFO'
2025-02-02T19:54:00.053302Z 0 [Note] Shutting down plugin 'INNODB_BUFFER_POOL_STATS'
2025-02-02T19:54:00.054299Z 0 [Note] Shutting down plugin 'INNODB_BUFFER_PAGE_LRU'
2025-02-02T19:54:00.054299Z 0 [Note] Shutting down plugin 'INNODB_BUFFER_PAGE'
2025-02-02T19:54:00.054299Z 0 [Note] Shutting down plugin 'INNODB_CMP_PER_INDEX_RESET'
2025-02-02T19:54:00.054299Z 0 [Note] Shutting down plugin 'INNODB_CMP_PER_INDEX'
2025-02-02T19:54:00.054299Z 0 [Note] Shutting down plugin 'INNODB_CMPMEM_RESET'
2025-02-02T19:54:00.054299Z 0 [Note] Shutting down plugin 'INNODB_CMPMEM'
2025-02-02T19:54:00.055296Z 0 [Note] Shutting down plugin 'INNODB_CMP_RESET'
2025-02-02T19:54:00.055296Z 0 [Note] Shutting down plugin 'INNODB_CMP'
2025-02-02T19:54:00.055296Z 0 [Note] Shutting down plugin 'INNODB_LOCK_WAITS'
2025-02-02T19:54:00.055296Z 0 [Note] Shutting down plugin 'INNODB_LOCKS'
2025-02-02T19:54:00.055296Z 0 [Note] Shutting down plugin 'INNODB_TRX'
2025-02-02T19:54:00.055296Z 0 [Note] Shutting down plugin 'InnoDB'
2025-02-02T19:54:00.056294Z 0 [Note] InnoDB: FTS optimize thread exiting.
2025-02-02T19:54:00.056294Z 0 [Note] InnoDB: Starting shutdown...
2025-02-02T19:54:00.167038Z 0 [Note] InnoDB: Dumping buffer pool(s) to E:\TEMPLATES\UwAmp\bin\database\mysql-5.7.11\data\ib_buffer_pool
2025-02-02T19:54:00.190962Z 0 [Note] InnoDB: Buffer pool(s) dump completed at 250202 20:54:00
2025-02-02T19:54:00.901252Z 0 [Note] InnoDB: Shutdown completed; log sequence number 4008650
2025-02-02T19:54:00.916182Z 0 [Note] InnoDB: Removed temporary tablespace data file: "ibtmp1"
2025-02-02T19:54:00.917179Z 0 [Note] Shutting down plugin 'MEMORY'
2025-02-02T19:54:00.917179Z 0 [Note] Shutting down plugin 'CSV'
2025-02-02T19:54:00.917179Z 0 [Note] Shutting down plugin 'sha256_password'
2025-02-02T19:54:00.917179Z 0 [Note] Shutting down plugin 'mysql_native_password'
2025-02-02T19:54:00.917179Z 0 [Note] Shutting down plugin 'binlog'
2025-02-02T19:54:00.919173Z 0 [Note] E:\TEMPLATES\UwAmp\bin\database\mysql-5.7.11\bin\mysqld.exe: Shutdown complete

