2025-02-27T08:10:53.149731Z 0 [Warning] TIMESTAMP with implicit DEFAULT value is deprecated. Please use --explicit_defaults_for_timestamp server option (see documentation for more details).
2025-02-27T08:10:53.149731Z 0 [Warning] 'NO_ZERO_DATE', 'NO_ZERO_IN_DATE' and 'ERROR_FOR_DIVISION_BY_ZERO' sql modes should be used with strict mode. They will be merged with strict mode in a future release.
2025-02-27T08:10:53.149731Z 0 [Warning] 'NO_AUTO_CREATE_USER' sql mode was not set.
2025-02-27T08:10:53.149731Z 0 [Warning] Insecure configuration for --secure-file-priv: Current value does not restrict location of generated files. Consider setting it to a valid, non-empty path.
2025-02-27T08:10:53.149731Z 0 [ERROR] Cannot open Windows EventLog; check privileges, or start server with --log_syslog=0
2025-02-27T08:10:53.149731Z 0 [Note] C:\Users\thomayoraz\Documents\GitHub\Scrum-vente\UwAmp\bin\database\mysql-5.7.11\bin\mysqld.exe (mysqld 5.7.11) starting as process 8852 ...
2025-02-27T08:10:53.165356Z 0 [ERROR] Can't open shared library 'C:\Users\thomayoraz\Documents\GitHub\Scrum-vente\UwAmp\bin\database\mysql-5.7.11\lib\plugin\keyring_file.dll' (errno: 126 Le module spécifié est introuvable.)
2025-02-27T08:10:53.165356Z 0 [ERROR] Couldn't load plugin named 'keyring_file' with soname 'keyring_file.dll'.
2025-02-27T08:10:53.180982Z 0 [Note] InnoDB: Mutexes and rw_locks use Windows interlocked functions
2025-02-27T08:10:53.180982Z 0 [Note] InnoDB: Uses event mutexes
2025-02-27T08:10:53.180982Z 0 [Note] InnoDB: Memory barrier is not used
2025-02-27T08:10:53.180982Z 0 [Note] InnoDB: Compressed tables use zlib 1.2.3
2025-02-27T08:10:53.180982Z 0 [Note] InnoDB: Number of pools: 1
2025-02-27T08:10:53.180982Z 0 [Note] InnoDB: Not using CPU crc32 instructions
2025-02-27T08:10:53.212221Z 0 [Note] InnoDB: Initializing buffer pool, total size = 128M, instances = 1, chunk size = 128M
2025-02-27T08:10:53.212221Z 0 [Note] InnoDB: Completed initialization of buffer pool
2025-02-27T08:10:53.259104Z 0 [Note] InnoDB: Highest supported file format is Barracuda.
2025-02-27T08:10:53.259104Z 0 [Note] InnoDB: Log scan progressed past the checkpoint lsn 7839807
2025-02-27T08:10:53.259104Z 0 [Note] InnoDB: Doing recovery: scanned up to log sequence number 7839816
2025-02-27T08:10:53.259104Z 0 [Note] InnoDB: Doing recovery: scanned up to log sequence number 7839816
2025-02-27T08:10:53.259104Z 0 [Note] InnoDB: Database was not shutdown normally!
2025-02-27T08:10:53.259104Z 0 [Note] InnoDB: Starting crash recovery.
2025-02-27T08:10:53.649720Z 0 [Note] InnoDB: Removed temporary tablespace data file: "ibtmp1"
2025-02-27T08:10:53.649720Z 0 [Note] InnoDB: Creating shared tablespace for temporary tables
2025-02-27T08:10:53.649720Z 0 [Note] InnoDB: Setting file '.\ibtmp1' size to 12 MB. Physically writing the file full; Please wait ...
2025-02-27T08:10:53.665346Z 0 [Note] InnoDB: File '.\ibtmp1' size is now 12 MB.
2025-02-27T08:10:53.665346Z 0 [Note] InnoDB: 96 redo rollback segment(s) found. 96 redo rollback segment(s) are active.
2025-02-27T08:10:53.665346Z 0 [Note] InnoDB: 32 non-redo rollback segment(s) are active.
2025-02-27T08:10:53.665346Z 0 [Note] InnoDB: Waiting for purge to start
2025-02-27T08:10:53.727855Z 0 [Note] InnoDB: 5.7.11 started; log sequence number 7839816
2025-02-27T08:10:53.727855Z 0 [Note] Plugin 'FEDERATED' is disabled.
2025-02-27T08:10:53.727855Z 0 [Note] InnoDB: Loading buffer pool(s) from C:\Users\thomayoraz\Documents\GitHub\Scrum-vente\UwAmp\bin\database\mysql-5.7.11\data\ib_buffer_pool
2025-02-27T08:10:53.727855Z 0 [Warning] Failed to set up SSL because of the following SSL library error: SSL context is not usable without certificate and private key
2025-02-27T08:10:53.727855Z 0 [Note] Server hostname (bind-address): '*'; port: 3306
2025-02-27T08:10:53.727855Z 0 [Note] IPv6 is available.
2025-02-27T08:10:53.727855Z 0 [Note]   - '::' resolves to '::';
2025-02-27T08:10:53.727855Z 0 [Note] Server socket created on IP: '::'.
2025-02-27T08:10:53.727855Z 0 [Note] InnoDB: Buffer pool(s) load completed at 250227  9:10:53
2025-02-27T08:10:53.759095Z 0 [Note] Event Scheduler: Loaded 0 events
2025-02-27T08:10:53.759095Z 0 [Note] C:\Users\thomayoraz\Documents\GitHub\Scrum-vente\UwAmp\bin\database\mysql-5.7.11\bin\mysqld.exe: ready for connections.
Version: '5.7.11'  socket: ''  port: 3306  MySQL Community Server (GPL)
2025-02-27T08:12:30.728855Z 0 [Note] C:\Users\thomayoraz\Documents\GitHub\Scrum-vente\UwAmp\bin\database\mysql-5.7.11\bin\mysqld.exe: Normal shutdown

2025-02-27T08:12:30.728855Z 0 [Note] Giving 0 client threads a chance to die gracefully
2025-02-27T08:12:30.728855Z 0 [Note] Shutting down slave threads
2025-02-27T08:12:30.728855Z 0 [Note] Forcefully disconnecting 0 remaining clients
2025-02-27T08:12:30.728855Z 0 [Note] Event Scheduler: Purging the queue. 0 events
2025-02-27T08:12:30.728855Z 0 [Note] Binlog end
2025-02-27T08:12:30.728855Z 0 [Note] Shutting down plugin 'ngram'
2025-02-27T08:12:30.728855Z 0 [Note] Shutting down plugin 'partition'
2025-02-27T08:12:30.728855Z 0 [Note] Shutting down plugin 'BLACKHOLE'
2025-02-27T08:12:30.728855Z 0 [Note] Shutting down plugin 'ARCHIVE'
2025-02-27T08:12:30.728855Z 0 [Note] Shutting down plugin 'PERFORMANCE_SCHEMA'
2025-02-27T08:12:30.728855Z 0 [Note] Shutting down plugin 'MRG_MYISAM'
2025-02-27T08:12:30.728855Z 0 [Note] Shutting down plugin 'MyISAM'
2025-02-27T08:12:30.728855Z 0 [Note] Shutting down plugin 'INNODB_SYS_VIRTUAL'
2025-02-27T08:12:30.728855Z 0 [Note] Shutting down plugin 'INNODB_SYS_DATAFILES'
2025-02-27T08:12:30.728855Z 0 [Note] Shutting down plugin 'INNODB_SYS_TABLESPACES'
2025-02-27T08:12:30.728855Z 0 [Note] Shutting down plugin 'INNODB_SYS_FOREIGN_COLS'
2025-02-27T08:12:30.728855Z 0 [Note] Shutting down plugin 'INNODB_SYS_FOREIGN'
2025-02-27T08:12:30.728855Z 0 [Note] Shutting down plugin 'INNODB_SYS_FIELDS'
2025-02-27T08:12:30.728855Z 0 [Note] Shutting down plugin 'INNODB_SYS_COLUMNS'
2025-02-27T08:12:30.728855Z 0 [Note] Shutting down plugin 'INNODB_SYS_INDEXES'
2025-02-27T08:12:30.728855Z 0 [Note] Shutting down plugin 'INNODB_SYS_TABLESTATS'
2025-02-27T08:12:30.728855Z 0 [Note] Shutting down plugin 'INNODB_SYS_TABLES'
2025-02-27T08:12:30.728855Z 0 [Note] Shutting down plugin 'INNODB_FT_INDEX_TABLE'
2025-02-27T08:12:30.728855Z 0 [Note] Shutting down plugin 'INNODB_FT_INDEX_CACHE'
2025-02-27T08:12:30.728855Z 0 [Note] Shutting down plugin 'INNODB_FT_CONFIG'
2025-02-27T08:12:30.728855Z 0 [Note] Shutting down plugin 'INNODB_FT_BEING_DELETED'
2025-02-27T08:12:30.728855Z 0 [Note] Shutting down plugin 'INNODB_FT_DELETED'
2025-02-27T08:12:30.728855Z 0 [Note] Shutting down plugin 'INNODB_FT_DEFAULT_STOPWORD'
2025-02-27T08:12:30.744452Z 0 [Note] Shutting down plugin 'INNODB_METRICS'
2025-02-27T08:12:30.744452Z 0 [Note] Shutting down plugin 'INNODB_TEMP_TABLE_INFO'
2025-02-27T08:12:30.744452Z 0 [Note] Shutting down plugin 'INNODB_BUFFER_POOL_STATS'
2025-02-27T08:12:30.744452Z 0 [Note] Shutting down plugin 'INNODB_BUFFER_PAGE_LRU'
2025-02-27T08:12:30.744452Z 0 [Note] Shutting down plugin 'INNODB_BUFFER_PAGE'
2025-02-27T08:12:30.744452Z 0 [Note] Shutting down plugin 'INNODB_CMP_PER_INDEX_RESET'
2025-02-27T08:12:30.744452Z 0 [Note] Shutting down plugin 'INNODB_CMP_PER_INDEX'
2025-02-27T08:12:30.744452Z 0 [Note] Shutting down plugin 'INNODB_CMPMEM_RESET'
2025-02-27T08:12:30.744452Z 0 [Note] Shutting down plugin 'INNODB_CMPMEM'
2025-02-27T08:12:30.744452Z 0 [Note] Shutting down plugin 'INNODB_CMP_RESET'
2025-02-27T08:12:30.744452Z 0 [Note] Shutting down plugin 'INNODB_CMP'
2025-02-27T08:12:30.744452Z 0 [Note] Shutting down plugin 'INNODB_LOCK_WAITS'
2025-02-27T08:12:30.744452Z 0 [Note] Shutting down plugin 'INNODB_LOCKS'
2025-02-27T08:12:30.744452Z 0 [Note] Shutting down plugin 'INNODB_TRX'
2025-02-27T08:12:30.744452Z 0 [Note] Shutting down plugin 'InnoDB'
2025-02-27T08:12:30.744452Z 0 [Note] InnoDB: FTS optimize thread exiting.
2025-02-27T08:12:30.744452Z 0 [Note] InnoDB: Starting shutdown...
2025-02-27T08:12:30.853790Z 0 [Note] InnoDB: Dumping buffer pool(s) to C:\Users\thomayoraz\Documents\GitHub\Scrum-vente\UwAmp\bin\database\mysql-5.7.11\data\ib_buffer_pool
2025-02-27T08:12:30.853790Z 0 [Note] InnoDB: Buffer pool(s) dump completed at 250227  9:12:30
2025-02-27T08:12:31.958213Z 0 [Note] InnoDB: Shutdown completed; log sequence number 7860701
2025-02-27T08:12:31.958213Z 0 [Note] InnoDB: Removed temporary tablespace data file: "ibtmp1"
2025-02-27T08:12:31.958213Z 0 [Note] Shutting down plugin 'MEMORY'
2025-02-27T08:12:31.958213Z 0 [Note] Shutting down plugin 'CSV'
2025-02-27T08:12:31.958213Z 0 [Note] Shutting down plugin 'sha256_password'
2025-02-27T08:12:31.958213Z 0 [Note] Shutting down plugin 'mysql_native_password'
2025-02-27T08:12:31.958213Z 0 [Note] Shutting down plugin 'binlog'
2025-02-27T08:12:31.958213Z 0 [Note] C:\Users\thomayoraz\Documents\GitHub\Scrum-vente\UwAmp\bin\database\mysql-5.7.11\bin\mysqld.exe: Shutdown complete

2025-02-27T08:12:32.270224Z 0 [Warning] TIMESTAMP with implicit DEFAULT value is deprecated. Please use --explicit_defaults_for_timestamp server option (see documentation for more details).
2025-02-27T08:12:32.270224Z 0 [Warning] 'NO_ZERO_DATE', 'NO_ZERO_IN_DATE' and 'ERROR_FOR_DIVISION_BY_ZERO' sql modes should be used with strict mode. They will be merged with strict mode in a future release.
2025-02-27T08:12:32.270224Z 0 [Warning] 'NO_AUTO_CREATE_USER' sql mode was not set.
2025-02-27T08:12:32.270224Z 0 [Warning] Insecure configuration for --secure-file-priv: Current value does not restrict location of generated files. Consider setting it to a valid, non-empty path.
2025-02-27T08:12:32.270224Z 0 [ERROR] Cannot open Windows EventLog; check privileges, or start server with --log_syslog=0
2025-02-27T08:12:32.270224Z 0 [Note] C:\Users\thomayoraz\Documents\GitHub\Scrum-vente\UwAmp\bin\database\mysql-5.7.11\bin\mysqld.exe (mysqld 5.7.11) starting as process 2904 ...
2025-02-27T08:12:32.285830Z 0 [ERROR] Can't open shared library 'C:\Users\thomayoraz\Documents\GitHub\Scrum-vente\UwAmp\bin\database\mysql-5.7.11\lib\plugin\keyring_file.dll' (errno: 126 Le module spécifié est introuvable.)
2025-02-27T08:12:32.285830Z 0 [ERROR] Couldn't load plugin named 'keyring_file' with soname 'keyring_file.dll'.
2025-02-27T08:12:32.285830Z 0 [Note] InnoDB: Mutexes and rw_locks use Windows interlocked functions
2025-02-27T08:12:32.285830Z 0 [Note] InnoDB: Uses event mutexes
2025-02-27T08:12:32.285830Z 0 [Note] InnoDB: Memory barrier is not used
2025-02-27T08:12:32.285830Z 0 [Note] InnoDB: Compressed tables use zlib 1.2.3
2025-02-27T08:12:32.285830Z 0 [Note] InnoDB: Number of pools: 1
2025-02-27T08:12:32.285830Z 0 [Note] InnoDB: Not using CPU crc32 instructions
2025-02-27T08:12:32.316978Z 0 [Note] InnoDB: Initializing buffer pool, total size = 128M, instances = 1, chunk size = 128M
2025-02-27T08:12:32.316978Z 0 [Note] InnoDB: Completed initialization of buffer pool
2025-02-27T08:12:32.348200Z 0 [Note] InnoDB: Highest supported file format is Barracuda.
2025-02-27T08:12:32.410504Z 0 [Note] InnoDB: Creating shared tablespace for temporary tables
2025-02-27T08:12:32.410504Z 0 [Note] InnoDB: Setting file '.\ibtmp1' size to 12 MB. Physically writing the file full; Please wait ...
2025-02-27T08:12:32.426104Z 0 [Note] InnoDB: File '.\ibtmp1' size is now 12 MB.
2025-02-27T08:12:32.426104Z 0 [Note] InnoDB: 96 redo rollback segment(s) found. 96 redo rollback segment(s) are active.
2025-02-27T08:12:32.426104Z 0 [Note] InnoDB: 32 non-redo rollback segment(s) are active.
2025-02-27T08:12:32.426104Z 0 [Note] InnoDB: Waiting for purge to start
2025-02-27T08:12:32.504172Z 0 [Note] InnoDB: 5.7.11 started; log sequence number 7860701
2025-02-27T08:12:32.504172Z 0 [Note] Plugin 'FEDERATED' is disabled.
2025-02-27T08:12:32.504172Z 0 [Note] InnoDB: Loading buffer pool(s) from C:\Users\thomayoraz\Documents\GitHub\Scrum-vente\UwAmp\bin\database\mysql-5.7.11\data\ib_buffer_pool
2025-02-27T08:12:32.504172Z 0 [Warning] Failed to set up SSL because of the following SSL library error: SSL context is not usable without certificate and private key
2025-02-27T08:12:32.504172Z 0 [Note] Server hostname (bind-address): '*'; port: 3306
2025-02-27T08:12:32.504172Z 0 [Note] IPv6 is available.
2025-02-27T08:12:32.504172Z 0 [Note]   - '::' resolves to '::';
2025-02-27T08:12:32.504172Z 0 [Note] Server socket created on IP: '::'.
2025-02-27T08:12:32.504172Z 0 [Note] InnoDB: Buffer pool(s) load completed at 250227  9:12:32
2025-02-27T08:12:32.535342Z 0 [Note] Event Scheduler: Loaded 0 events
2025-02-27T08:12:32.535342Z 0 [Note] C:\Users\thomayoraz\Documents\GitHub\Scrum-vente\UwAmp\bin\database\mysql-5.7.11\bin\mysqld.exe: ready for connections.
Version: '5.7.11'  socket: ''  port: 3306  MySQL Community Server (GPL)
