2025-03-03T08:10:50.837258Z 0 [Warning] TIMESTAMP with implicit DEFAULT value is deprecated. Please use --explicit_defaults_for_timestamp server option (see documentation for more details).
2025-03-03T08:10:50.837258Z 0 [Warning] 'NO_ZERO_DATE', 'NO_ZERO_IN_DATE' and 'ERROR_FOR_DIVISION_BY_ZERO' sql modes should be used with strict mode. They will be merged with strict mode in a future release.
2025-03-03T08:10:50.837258Z 0 [Warning] 'NO_AUTO_CREATE_USER' sql mode was not set.
2025-03-03T08:10:50.837258Z 0 [Warning] Insecure configuration for --secure-file-priv: Current value does not restrict location of generated files. Consider setting it to a valid, non-empty path.
2025-03-03T08:10:50.837258Z 0 [ERROR] Cannot open Windows EventLog; check privileges, or start server with --log_syslog=0
2025-03-03T08:10:50.837258Z 0 [Note] C:\Users\pv31hsu\Documents\GitHub\Scrum-vente\UwAmp\bin\database\mysql-5.7.11\bin\mysqld.exe (mysqld 5.7.11) starting as process 3044 ...
2025-03-03T08:10:50.871798Z 0 [ERROR] Can't open shared library 'C:\Users\pv31hsu\Documents\GitHub\Scrum-vente\UwAmp\bin\database\mysql-5.7.11\lib\plugin\keyring_file.dll' (errno: 126 Le module spécifié est introuvable.)
2025-03-03T08:10:50.872800Z 0 [ERROR] Couldn't load plugin named 'keyring_file' with soname 'keyring_file.dll'.
2025-03-03T08:10:50.873165Z 0 [Note] InnoDB: Mutexes and rw_locks use Windows interlocked functions
2025-03-03T08:10:50.873165Z 0 [Note] InnoDB: Uses event mutexes
2025-03-03T08:10:50.873165Z 0 [Note] InnoDB: Memory barrier is not used
2025-03-03T08:10:50.874175Z 0 [Note] InnoDB: Compressed tables use zlib 1.2.3
2025-03-03T08:10:50.874175Z 0 [Note] InnoDB: Number of pools: 1
2025-03-03T08:10:50.874175Z 0 [Note] InnoDB: Not using CPU crc32 instructions
2025-03-03T08:10:50.908323Z 0 [Note] InnoDB: Initializing buffer pool, total size = 128M, instances = 1, chunk size = 128M
2025-03-03T08:10:50.913322Z 0 [Note] InnoDB: Completed initialization of buffer pool
2025-03-03T08:10:50.950114Z 0 [Note] InnoDB: Highest supported file format is Barracuda.
2025-03-03T08:10:50.950114Z 0 [Note] InnoDB: Log scan progressed past the checkpoint lsn 13461207
2025-03-03T08:10:50.950114Z 0 [Note] InnoDB: Doing recovery: scanned up to log sequence number 13461216
2025-03-03T08:10:50.965738Z 0 [Note] InnoDB: Doing recovery: scanned up to log sequence number 13461216
2025-03-03T08:10:50.965738Z 0 [Note] InnoDB: Database was not shutdown normally!
2025-03-03T08:10:50.965738Z 0 [Note] InnoDB: Starting crash recovery.
2025-03-03T08:10:51.264842Z 0 [Note] InnoDB: Removed temporary tablespace data file: "ibtmp1"
2025-03-03T08:10:51.264842Z 0 [Note] InnoDB: Creating shared tablespace for temporary tables
2025-03-03T08:10:51.264842Z 0 [Note] InnoDB: Setting file '.\ibtmp1' size to 12 MB. Physically writing the file full; Please wait ...
2025-03-03T08:10:51.301270Z 0 [Note] InnoDB: File '.\ibtmp1' size is now 12 MB.
2025-03-03T08:10:51.310101Z 0 [Note] InnoDB: 96 redo rollback segment(s) found. 96 redo rollback segment(s) are active.
2025-03-03T08:10:51.311133Z 0 [Note] InnoDB: 32 non-redo rollback segment(s) are active.
2025-03-03T08:10:51.311133Z 0 [Note] InnoDB: Waiting for purge to start
2025-03-03T08:10:51.369011Z 0 [Note] InnoDB: 5.7.11 started; log sequence number 13461216
2025-03-03T08:10:51.369338Z 0 [Note] Plugin 'FEDERATED' is disabled.
2025-03-03T08:10:51.369338Z 0 [Note] InnoDB: Loading buffer pool(s) from C:\Users\pv31hsu\Documents\GitHub\Scrum-vente\UwAmp\bin\database\mysql-5.7.11\data\ib_buffer_pool
2025-03-03T08:10:51.375372Z 0 [Warning] Failed to set up SSL because of the following SSL library error: SSL context is not usable without certificate and private key
2025-03-03T08:10:51.377226Z 0 [Note] Server hostname (bind-address): '*'; port: 3306
2025-03-03T08:10:51.377226Z 0 [Note] IPv6 is available.
2025-03-03T08:10:51.378260Z 0 [Note]   - '::' resolves to '::';
2025-03-03T08:10:51.378260Z 0 [Note] Server socket created on IP: '::'.
2025-03-03T08:10:51.402807Z 0 [Note] InnoDB: Buffer pool(s) load completed at 250303  9:10:51
2025-03-03T08:10:51.416809Z 0 [Note] Event Scheduler: Loaded 0 events
2025-03-03T08:10:51.416809Z 0 [Note] C:\Users\pv31hsu\Documents\GitHub\Scrum-vente\UwAmp\bin\database\mysql-5.7.11\bin\mysqld.exe: ready for connections.
Version: '5.7.11'  socket: ''  port: 3306  MySQL Community Server (GPL)
